2
0
2
3
-
1
2
-
0
4
 
1
4
:
0
3
:
3
1
.
5
7
1
6
6
2
9
2
5
 
-
0
3
:
0
0
 
-
 
C
r
e
a
t
i
n
g
 
p
a
c
k
f
i
l
e
 
r
e
a
d
e
r
.
.
.
2
0
2
3
-
1
2
-
0
4
 
1
4
:
0
3
:
3
1
.
5
7
8
6
9
3
4
2
7
 
-
0
3
:
0
0
 
-
 
V
a
l
i
d
a
t
i
n
g
 
p
a
c
k
f
i
l
2
e
0
.
2.

.
3
-
1
2
2
-
0
0
2
43

- 

11

24

:-

0
0
43

: 

31

41

.
:
50

3
8
:
34

12

9.

52

4
8
24

97

 8

8-

08

23

8:

0
 
0
-
0 

-
3
:
 
0
C
0
r 

e-

 
a
T
t
io

t
n
ga

l 

 p

ao

bc

k
j
fe

ic

lt

se

.:

 .

1.

2
2
02

02

32

3
-
-1

21

2
-
-0

0
4
4
 
 
1
1
44

::

00

33

::

33

11

.
.
55

8
8
99

7
6
45

49

40

2
2
8
8
 
 
-
-
0
03

:3

:0

00

 
0
-
 
 
-
A
 
p
R
p
e
ea

dn

id

in

gn

g 

 o

b
5
j4

 e

co

bt

j 

e
1
c
 
t
os

.
f
. 

1.

2
.
 
P
a
c
k
f
i
l
e
 
2p

o
0
s
2
i3

-t

i1

2
o
-n

:0

4 

1
 
3
1
4
:
2
00

23

3:

3-

1
1
.2

5
9
-
6
0
64

 0

11

47

2
:
9
0
 
-
3
0
:
3
3:

01

.0

 5

9-

 8

4
O
8
b
8
j2

3
e
0c

t
 
 -

0a

3
p
:
p
0e

n0

 d

e-

 
d
O
.
b
 
j
S
e
i
c
zt

e 

:t

y
 
p
7e

:
2
 
c
o
2
m
0m

i
2
t
3
-
1
2
-
2
0
04

 
21

43

:-

10

2
3
-:

3
0
1
4
.
 6

01

4
5
:
0
6
3
0
0:

30

31

.1

 6

-0

6
0
4
3
3
:1

7
0
3
10

 
 
-
0-

 
3
O
:
b0

0j

 
e
-
c
 
t
R
 
0e

2
a
d
4
i
3
n
a
g
e
 
1
d
o
a
b
dj

e
b
c
4
t
0
 
f
2
b
 
4
o
9
6f

 
9
1
20

d
.
d
 8

bP

a
b
c9

k0

bf

i9

8l

e9

 
5
p
oe

s3

i
tc

i0

2o

en

:
c
 7

 1

o7

3
f
 2

0t

y2

3p

e-

 
1
t2

-
r
0e

e
4
 
 
a
p
1p

e4

:n

d0

3e

:
3
d
1 

a
t.

6 

o1

8
f
5f

8
s8

1e

t
 3

13

 
2
-
0
3
:
0
0
 
-
 
O
b
j2

e
0
c
2
t3

- 

1
t
2
y-

0
p
4e

 
:
1
4
 
:
0
c
3
o
:
m
3
m
1
i
.t

6
2
3
2
1
02

2
6
3
0
-3

4
1
 
-2

0
-
3
0
:
4
0
0 

 
1
-
4
 
O
:
b
0j

e
3c

t:

 
3
a
1
p
.p

6
2e

n6

1
d6

7
e
7
d3

4
. 

-
 0

S
3
:
0
i
0
z
 
-
 
e
R
:
e
 
a
d
2
i
n3

g
4
 
o
b
j
2
e
0
c
2
t
3
 
-
3
1
 
2
o
f
 
-
01

4
2
 
.
1
4 

P:

a
0
c
k
3
f:

3i

1l

e
.
 6

3p

1o

s
i
6
t
6
i
1
o4

n3

5
:
 
 -

03

3
3
1
:
0
2
0
 0

-
 2

3
O
-
b1

2
j
-
0e

4
c
 
t
1
 4

:
0
0
3
:
5
3
7
4
12

0.

6
3
3
b6

1
6
9
8
5
1
5
3
d
6
f
 
3-

0b

a3

:
b
08

02

 9

2-

 7

3
O
a
b
9
3j

1
e4

c
8
t
 
7
t
y
1
p
ea

:
f
 
c
c
e
o
0
m
8
m
8
i
0
t
8
 
2
o
0f

 
2
t
3y

p
-
e
1
 
2c

o
-
0
m
m
4
i
t
 
 
1
a
4
p:

0
p
3
e:

n
3
d
1
e
.
6
d
4
 
2
a
9
t
 
5o

f
0
f
5
3s

e7

 
t
-
 0

3
9
:
0
70

 
-
 
R
e
a
d
i
n
g
 
o
b
j
e
c
t2

 
0
42

3 

o-

1
f
2 

1
-
20

.4

  

P1

4a

:c

k0

f3

:i

l
3
e1

. 

p
6
o
5s

0i

t0

i8

2
o
1
n
3
:
8
  

-4

08

3
9
:
0
0
2 

0-

 
2
D
3
e
-
l
1
t2

-a

 0

4o

b 

1j

e4

c:

0t

 
3
a
:
p
3
p
1
e
.
n6

5d

3
5
e
7
d
5
.
0 

B3

9a

s 

-
e
0
 
3
o
:b

j0

0
e
 c

t-

 
 
O
o
b
fj

e
c
f
t
s
 
et

yt

:
p
 
e
9:

 
7
c
o
2
0m

m2

3i

t-

1
2
-
20

04

 
2
1
3
4
-
:
1
0
2
3-

0:

3
4
1 

1.

6
4
5:

08

36

3:

37

15

4.

6
0
5 

-
9
0
5
3
2
:
20

0
7
 
4
-0

  

O-

0b

3
j
:
e
0
c0

t 

-
 
 
2R

e6

ba

d
7
i8

fn

ga

c 

oa

b0

3j

e
9
c
8
t
8
 a

65

 b

e
o
0
f
e
 
f
14

0
8
2
e
.3

 3

Pe

a
c
c
k
6
f
8
i
la

e
3
 
a
p
4
o
s
i
c
f
7
t1

3
 
i
o
o
nf

 :

 
t
y6

4
p5

2
0
e
2
 3

o-

1
f
2s

-
-
d
e
0
l
t
4
a
 
 
1
a
4
p:

0
p
3e

:n

d3

1e

.d

 6

6
a
9
t
5
 
1
o
7
f
5
f
4s

e
1
 
t
-
 
0
2
35

2:

0
0
 
-
 
O
b
j
e
c
t
 
t
y
p
e
:
 
t
r
2
e
0
e2

3
-
12

0
2
2-

30

4-

1 

1
2
4-

0
4
 
:
0
31

4
:
:
30

13

:
.
3
6
1
7
.
5
6
0
7
1
5
3
4
4
74

2
7
3
 
4
-
2
0
 
3
-:

00

03

 
:
-
0
 
0
D
 
e
-
l
 
t
a
R
 
e
oa

b
d
j
e
i
c
n
t
g
 
 a

p
o
p
eb

n
j
d
e
e
d
c
t.

 
 
6
B
 
a
o
s
f
e
 
 
o
b1

2
j
e
.
c
 t

 
Po

f
a
f
c
ks

e
ft

:i

l
 
e
9
 
7
p
o2

0s

2
i3

-
t
1i

o2

n-

:0

4 

 7

1
4
4
:8

0
23

:
0
3
2
1
3
.
-
6
8
41

2
0
-1

40

49

4
 
41

4 

-
:
00

33

::

0
3
01

.
 
6
-8

 
5
O
4
b
3
j
2
5e

c
4
t4

  

2-

09

3e

7
:
a
0
40

 6

5-

f 

Oa

bb

j
7
e
6
c
4
t
7
 
b
t
b
dy

dp

e3

a
:
2 

eb

l2

eo

b7

4
8
e
c
02

d0

24

23

4-

13

02

f-

0c

44

  

1o

4f

 :

0t

y3

:p

3e

 1

o.

6
f
s9

1
-
2d

4e

l
9
t2

a4

 5

 a

p-

0p

e3

:n

d0

0e

d 

- 

 
a
R
t
e 

oa

d
f
if

sn

eg

 t

 
o
4
b
3
j
2e

c
t
 
7
 
o
f
 
1
2
.
 
P
a
c
k
f
i
l
e
2
 0

2p

o3

-s

i
1
t
2
i
-
o
0
n
4
:
 
1 

84

:0

10

3
:2

30

12

3.

6-

91

28

-0

40

41

4 

14

46

 
:
0-

03

:3

:
3
0
1
0
.
 
6
-
9
 
9
O5

7b

4j

e5

4c

t6

  

-a

p0

3p

e:

0n

d0

 e

-d

. 

O 

b
S
j
i
e
z
c
e
t
:
 
 t

y4

1p

e9

4:

 
o2

0f

2s

-3

-d

e1

l2

t-

0a

4
 2

0
1
2
4
3:

0
-
31

:2

-3

01

.4

 7

10

44

:4

20

32

2:

3
4
1
7
. 

-7

00

35

3:

07

30

 7

4-

 
7
O 

-b

j0

3e

c:

t0

0 

3
 
c-

 a

0
O
5
b
c
j
c
e
c
c
6
tb

e 

t5

8y

pd

2e

2:

 7

b6

l4

d
o
cb

1
b
b
5
1
e2

03

b
2
5
3
e
-
7
1
e
2
3-

03

44

 
e
16

f
4
4:

0 

3o

f:

 3

1t

y.

7p

e
1
 1

2b

l0

o4

2
b
4 

a8

 p

p-

0e

n3

:d

e0

d0

  

-a

t 

A 

op

pf

fl

ys

e
i
t
n 

6g

0
 
3
d
e
l
t
a
.
.
.
2
0
2
3
-
2
10

22

-
3
0
-
4
1
 
2
1-

0
4
4
:
 0

31

4
:
:3

1
0
.
3
7
:
1
3
61

.
8
71

11

7
8
2
4
09

 
8
-
4
0
4
3
9
:
 
0
-0

 0

3-

 
:
R
0
e
0
a
 
d
-
i
 
n
O
gb

j
 
e
o
cb

jt

 e

ac

t
p
 p

8e

n
 
d
o
ef

 d

.1

2 

S
.
i
 
z
P
e
a
:
c 

6k

f
i
2
0l

e
2
 
3
p
-
o
1
s
2
i
-
t
0
i
4
o
 
n
1
:
4
 
:
80

23

:7

3
21

0
.2

73

-2

1
32

-
1
0
44

 
1
1
48

:
5
0
0
3
: 

3
-
1
0
.3

7:

0
2
0
4
 7

1-

 
2
O
4
b
5
j
0
e
 
c
-
t
0
 
3
4
:
3
0
5
04

e
 
5
5
-
b
 e

O
0
b
5
4
j
4
ec

c
c
c
t
7
 
e
bt

a
y
6
1
p
a
e
4
:7

4
 
0
tf

er

e5

4
e
8
a
3
2
1
0
a2

36

-f

a
1
d2

-
 
0o

f
4
  

t1

4y

p:

0
e
3
 
:
b
3l

o1

b.

 
7
a
3
p1

p5

7e

n
0
d8

e5

1d

 
 
a
-
t
0 

o3

:f

f0

0s

 
e
t
-
  

R
6
e
a
5
d
6
i
n
g
 
o
b
j
e
c
t
 
9
 
o
f
2
 
1
0
2
2.

 
3
P
-
a1

2
c
-k

f
0
i4

 l

e
1
 
4
p
:
o0

3
s
i:

3
t
1i

o
.
n
7
:
3
 
7
97

40

81

0
2
5
0
2
2
 
3
-
-
0
13

2:

0-

00

 4

- 

1 

4
D
:
0
e
3
l
:
3t

a1

 .

7o

4b

2
j
0
e
c
7
t
6 

a
2
p
5p

e
3
n
 
d
e
-
d
0.

 
3
B
:a

s
0
e0

  

-o

b
 
Oj

eb

jc

te

c 

ot

 f

ft

ys

e
p
t
e
::

  

2o

f5

2s

-
d
2
e0

l2

3t

-a

1
22

0
-
2
0
3
4
-
 
11

42

-:

0
0
34

 :

13

14

.:

0
7
53

2
:
4
3
4
1
2
.
6
7
5
5
52

 9

3-

02

73

:5

05

 0

- 

-0

 3

:O

b0

0j

 
e
-
c
 
t
O
 
b
4
j
4
e5

cc

t6

9 

et

y
2
p3

d
e
0
:
3
 d

0b

l
c
oa

bb

0
d
e
1
e
0
2
5
03

c2

3c

4-

14

2d

a-

20

41

8
8
 
2
1
24

0:

0b

3b

: 

o3

1f

 .

t7

5y

8p

e2

 0

6
o
3f

s5

6-

d
 
e-

0l

t3

:a

 0

0
a
 p

-p

e
 
nA

p
d
pe

d
l
 y

ia

tn

g 

o 

df

ef

sl

et

at

 .

.6

7.

1
2
0
2
3
-
1
2
-
0
4
 
2
1
04

2:

03

-
3
1:

32

-1

.0

74

 6

31

41

1:

0
8
30

5:

37

 1

.-

07

63

:4

00

10

 6

3-

 5

7
R
 
e
-a

d0

3
i
:n

g0

0
 
 o

-b

j 

eO

bc

tj

e 

1c

t0

  

ao

f
p
p
 
e1

n2

d.

e
 
dP

a
.
c
 
k
S
fi

zi

l
e
e
:
 
 
p
1
o
s0

9i

t
i2

0o

n2

:3

 -

19

22

-6

0
42

0 

1
2
43

-:

01

23

:-

0
3
41

. 

17

4
6
:9

70

38

4:

33

15

8.

7
 
7
-
00

36

9:

0
3
0
2
 
5
-8

  

O-

0
b
3
j
:
e
0
0c

t 

-
 
 4

5O

9b

j
e
eb

5c

t0

5 

te

y4

p
0
e
4
:
b
 e

te

r5

1e

6e

a
9
2
4
0
d
2
e
3
4
-
5
1
e
72

2
-
5
0
f
4
7
 
e
1
5
4
e
:b

30

3
f
:4

d3

1c

 .

7o

f
7
 6

2t

0y

p8

3
e
5
 
9
t 

r-

0e

e3

: 

a0

p0

 p

e-

n 

Rd

ee

da

d
 
ia

tn

g 

o 

fo

bf

sj

ee

tc

t
 
 8

41

19

 
o
f
 
1
2
.
 
P
a
c
2
k0

2f

3
i
-
l
1
e
2
 
-
p
o
0
s
4
i
 
t
1
i
4
:o

n0

3:

 :

3
1
01

2
.
8
7
28

20

2
4
3
-9

1
6
2
1
-6

00

4 

-
 
0
13

:4

:
0
0
0
3 

-
:
3 

O1

b.

7j

e
8
c4

t
5
 
4
a
9
4
p
6
p
0
e
 
n
-
d
0
3e

:
d
0
.
0
 
 
S-

 i

zO

be

:
j
 
e
7c

2t

 
t2

0y

p2

e
3:

 -

1o

f2

-s

-0

4d

e 

1l

t4

:a

0
23

:
0
32

31

.
-
71

28

-8

60

9
4
2
 
1
1
6
4
1
:
 
0
-
3
0
:
3
3:

01

.0

 
7
-9

0
 
2
O0

8
b
4
6
j
1
e 

-
c
0
t
3
:
 
0
4
0
8
 
5-

 c

d
O
e
b
jc

a
e
8
c
e
t
a
 
b
t
6
a
y
e
0
p
a
e5

d
7:

e
 
a
b
5
l
c
5
o
e
b
1
7
f
d
d
d
9
7
e
2
0
c
0
b
2
2
b
3
 
-
o
f
1
 
t
2
y
-
p
e
0
 
4
t
 r

e1

4
:
e
0
3
 
:
a
3
p
1
p.

e7

9
n
d7

2
e
0
d4

5
 6

2
a
 
t
- 

o
f
0
3
f
:
s
0
e
t0

 
 
9
5-

8
 
A
p
p
l
y
i
n
g
 
d
e
2
0l

2
t
3
a
-
.
1
.
2
.
-
0
24

 
0
1
2
43

:-

10

23

:-

0
3
4
1
 
.
18

4
0
:
4
0
3
3
:
30

71

.
9
8
6
03

 5

5
-
70

36

:8

60

03

 
 
-
 
-
D
0
3e

l:

t0

a0

 
 
-o

 b

j
R
e
e
c
a
t
d
 
i
a
n
p
g
p
 
eo

b
n
jd

e
e
d
.c

 
t
B
a
 
s
1
e
 
2
o
b
 
j
oe

c
ft

 
 
o
f1

f
2
s
e
.
t
 
:
P
 
a
6
c
5
6
k
f2

0i

2
l
3
e
-
 1

p2

-
o
0
s
4i

t 

1
i
4
o
:
n
0
3:

 
:
1
0
3
4
1
6
.
8
1
2
3
0
02

33

-4

7
1
6
2
5
-
 
0
4-

0
 
3
1
:
4
0
:
0
0
3
 
:
-
3 

O1

b.

8
j
1
e
5
c
2
7
t
6
8 

6
4
5
9 

-
a
02

f3

:6

f0

0c

2 

7
-
7
 
2O

b
a
j
8
ef

6
c
a
t
9 

t
0
y
2
4p

e
e
:9

 
b
o
d
f
5
s
6
a
-
9
d
1
e
a
lb

2
t
8
a
c
5
2
d
0
8
2
3
8
-
d
1
 2

-
o
0
f
4 

t
 
y
p
1
e
4
 
:
o
0
f3

:s

-3

1
d
.
e
8
l
2
t
2
a
4 

a1

5p

p2

6
e
6
n
 d

e-

0
d
3
 
:a

0
t
0
  

-o

f 

O
f
bs

ej

et

c
 
t
1
 0

4
t
3
y
p
e
:
 
t
r
e
e
2
0
2
3
-
1
2
-2

00

24

3 

1-

14

:2

-0

30

:4

3
 
1
1
.
4
8
:2

70

39

:1

03

5
1
6
.
7
8
 
2
-
8
0
6
35

5:

0
4
06

7 

- 

-
 
0A

p
3
p
:
l
0
0
y
 
i
-
n
 
g
D
 
e
d
l
e
tl

at

a
 
.
o
.
b
.
j
e
c
t
 
a
p
p
e
n
d
e
d
.
 
B
a
s
e
 
o
b
j
e
c
t
 
o
f
f
s
e
t
:
 
1
0
4
3
2
0
2
3
-
1
2
-
0
4
 
1
4
:
0
3
:
3
1
.
8
3
7
6
8
7
7
6
9
 
-
0
3
:
0
0
 
-
 
O
b
j
e
c
t
 
4
b
2
7
8
a
6
3
2
3
6
1
b
0
7
a
e
9
3
5
a
4
a
f
7
5
0
1
6
e
e
2
e
d
7
2
7
f
e
b
 
o
f
 
t
y
p
e
 
o
f
s
-
d
e
l
t
a
 
a
p
p
e
n
d
e
d
 
a
t
 
o
f
f
s
e
t
 
1
0
6
9
2
0
2
3
-
1
2
-
0
4
 
1
4
:
0
3
:
3
1
.
8
5
4
7
8
9
1
7
1
 
-
0
3
:
0
0
 
-
 
O
b
j
e
c
t
 
a
p
p
e
n
d
e
d
.
 
S
i
z
e
:
 
1
1
2
0
2
3
-
1
2
-
0
4
 
1
4
:
0
3
:
3
1
.
8
6
2
1
6
8
5
7
3
 
-
0
3
:
0
0
 
-
 
O
b
j
e
c
t
 
4
e
c
7
3
3
d
e
c
4
4
3
7
7
5
0
2
d
7
3
3
d
d
c
0
f
5
f
2
7
1
0
d
7
6
3
c
3
8
b
 
o
f
 
t
y
p
e
 
b
l
o
b
 
a
p
p
e
n
d
e
d
 
a
t
 
o
f
f
s
e
t
 
1
0
8
3
2
0
2
3
-
1
2
-
0
4
 
1
4
:
0
3
:
3
1
.
8
7
9
1
4
3
2
7
5
 
-
0
3
:
0
0
 
-
 
D
e
l
t
a
 
o
b
j
e
c
t
 
a
p
p
e
n
d
e
d
.
 
B
a
s
e
 
o
b
j
e
c
t
 
o
f
f
s
e
t
:
 
6
7
1
2
0
2
3
-
1
2
-
0
4
 
1
4
:
0
3
:
3
1
.
8
8
9
0
6
4
4
7
7
 
-
0
3
:
0
0
 
-
 
O
b
j
e
c
t
 
4
f
e
5
7
6
c
7
4
b
7
0
d
b
0
1
b
6
c
5
a
8
4
0
5
4
4
9
8
9
a
e
0
0
3
3
e
c
e
3
 
o
f
 
t
y
p
e
 
o
f
s
-
d
e
l
t
a
 
a
p
p
e
n
d
e
d
 
a
t
 
o
f
f
s
e
t
 
1
1
0
3
2
0
2
3
-
1
2
-
0
4
 
1
4
:
0
3
:
3
1
.
9
0
3
4
3
0
1
7
9
 
-
0
3
:
0
0
 
-
 
D
e
l
t
a
 
o
b
j
e
c
t
 
a
p
p
e
n
d
e
d
.
 
B
a
s
e
 
o
b
j
e
c
t
 
o
f
f
s
e
t
:
 
6
7
1
2
0
2
3
-
1
2
-
0
4
 
1
4
:
0
3
:
3
1
.
9
1
4
9
7
0
4
8
1
 
-
0
3
:
0
0
 
-
 
O
b
j
e
c
t
 
4
f
e
e
3
c
e
2
6
d
1
3
8
4
b
1
7
2
4
7
0
f
a
7
8
d
8
9
1
2
0
1
8
f
3
7
8
e
f
3
 
o
f
 
t
y
p
e
 
o
f
s
-
d
e
l
t
a
 
a
p
p
e
n
d
e
d
 
a
t
 
o
f
f
s
e
t
 
1
2
6
6
2
0
2
3
-
1
2
-
0
4
 
1
4
:
0
3
:
3
1
.
9
3
0
8
3
1
2
8
4
 
-
0
3
:
0
0
 
-
 
O
b
j
e
c
t
 
a
p
p
e
n
d
e
d
.
 
S
i
z
e
:
 
3
6
2
0
2
3
-
1
2
-
0
4
 
1
4
:
0
3
:
3
1
.
9
3
7
2
6
3
0
8
5
 
-
0
3
:
0
0
 
-
 
O
b
j
e
c
t
 
5
3
2
c
9
a
3
9
2
e
d
4
7
9
e
e
0
8
c
c
6
e
d
3
7
5
c
f
0
b
d
8
6
f
8
9
3
5
5
5
 
o
f
 
t
y
p
e
 
t
r
e
e
 
a
p
p
e
n
d
e
d
 
a
t
 
o
f
f
s
e
t
 
1
4
3
0
2
0
2
3
-
1
2
-
0
4
 
1
4
:
0
3
:
3
1
.
9
6
7
8
9
0
2
9
0
 
-
0
3
:
0
0
 
-
 
D
e
l
t
a
 
o
b
j
e
c
t
 
a
p
p
e
n
d
e
d
.
 
B
a
s
e
 
o
b
j
e
c
t
 
o
f
f
s
e
t
:
 
6
0
3
2
0
2
3
-
1
2
-
0
4
 
1
4
:
0
3
:
3
1
.
9
7
7
0
3
6
5
9
1
 
-
0
3
:
0
0
 
-
 
O
b
j
e
c
t
 
5
6
c
5
d
e
9
b
0
3
7
0
6
6
d
c
9
9
7
1
b
0
1
7
0
b
7
a
9
d
8
3
a
5
5
a
3
9
7
4
 
o
f
 
t
y
p
e
 
o
f
s
-
d
e
l
t
a
 
a
p
p
e
n
d
e
d
 
a
t
 
o
f
f
s
e
t
 
1
4
7
9
2
0
2
3
-
1
2
-
0
4
 
1
4
:
0
3
:
3
1
.
9
9
0
5
5
3
7
9
3
 
-
0
3
:
0
0
 
-
 
O
b
j
e
c
t
 
a
p
p
e
n
d
e
d
.
 
S
i
z
e
:
 
3
6
2
0
2
3
-
1
2
-
0
4
 
1
4
:
0
3
:
3
1
.
9
9
6
5
9
9
3
9
4
 
-
0
3
:
0
0
 
-
 
O
b
j
e
c
t
 
5
7
7
8
2
9
a
8
4
1
3
d
2
3
b
b
c
9
0
2
e
0
5
d
2
e
8
e
9
a
2
2
2
e
9
5
7
e
5
8
 
o
f
 
t
y
p
e
 
t
r
e
e
 
a
p
p
e
n
d
e
d
 
a
t
 
o
f
f
s
e
t
 
1
4
9
7
2
0
2
3
-
1
2
-
0
4
 
1
4
:
0
3
:
3
2
.
0
0
8
9
5
7
1
9
6
 
-
0
3
:
0
0
 
-
 
O
b
j
e
c
t
 
a
p
p
e
n
d
e
d
.
 
S
i
z
e
:
 
1
0
9
2
0
2
3
-
1
2
-
0
4
 
1
4
:
0
3
:
3
2
.
0
1
4
8
8
7
4
9
7
 
-
0
3
:
0
0
 
-
 
O
b
j
e
c
t
 
5
d
b
c
0
8
5
a
8
4
e
d
3
1
a
e
f
4
f
e
2
c
7
6
2
6
a
9
4
e
6
f
f
6
b
a
c
5
7
4
 
o
f
 
t
y
p
e
 
t
r
e
e
 
a
p
p
e
n
d
e
d
 
a
t
 
o
f
f
s
e
t
 
1
5
4
6
2
0
2
3
-
1
2
-
0
4
 
1
4
:
0
3
:
3
2
.
0
2
6
9
4
4
0
9
9
 
-
0
3
:
0
0
 
-
 
D
e
l
t
a
 
o
b
j
e
c
t
 
a
p
p
e
n
d
e
d
.
 
B
a
s
e
 
o
b
j
e
c
t
 
o
f
f
s
e
t
:
 
1
0
6
9
2
0
2
3
-
1
2
-
0
4
 
1
4
:
0
3
:
3
2
.
0
3
6
9
3
2
9
0
1
 
-
0
3
:
0
0
 
-
 
O
b
j
e
c
t
 
5
d
f
1
f
e
e
3
a
c
6
3
b
e
e
f
e
9
3
6
0
e
2
b
2
3
2
0
5
c
9
a
6
0
e
5
c
a
6
6
 
o
f
 
t
y
p
e
 
o
f
s
-
d
e
l
t
a
 
a
p
p
e
n
d
e
d
 
a
t
 
o
f
f
s
e
t
 
1
6
6
8
2
0
2
3
-
1
2
-
0
4
 
1
4
:
0
3
:
3
2
.
0
6
9
7
4
4
2
0
6
 
-
0
3
:
0
0
 
-
 
D
e
l
t
a
 
o
b
j
e
c
t
 
a
p
p
e
n
d
e
d
.
 
B
a
s
e
 
o
b
j
e
c
t
 
o
f
f
s
e
t
:
 
6
0
3
2
0
2
3
-
1
2
-
0
4
 
1
4
:
0
3
:
3
2
.
0
7
7
4
8
3
5
0
8
 
-
0
3
:
0
0
 
-
 
O
b
j
e
c
t
 
5
f
c
7
4
4
6
2
c
8
5
b
b
e
2
b
3
8
5
7
f
4
e
9
6
6
6
6
b
6
c
5
6
e
6
f
2
1
4
3
 
o
f
 
t
y
p
e
 
o
f
s
-
d
e
l
t
a
 
a
p
p
e
n
d
e
d
 
a
t
 
o
f
f
s
e
t
 
1
7
0
3
2
0
2
3
-
1
2
-
0
4
 
1
4
:
0
3
:
3
2
.
0
9
1
2
2
8
7
1
0
 
-
0
3
:
0
0
 
-
 
D
e
l
t
a
 
o
b
j
e
c
t
 
a
p
p
e
n
d
e
d
.
 
B
a
s
e
 
o
b
j
e
c
t
 
o
f
f
s
e
t
:
 
6
7
1
2
0
2
3
-
1
2
-
0
4
 
1
4
:
0
3
:
3
2
.
0
9
8
6
5
0
3
1
1
 
-
0
3
:
0
0
 
-
 
O
b
j
e
c
t
 
6
a
5
b
e
5
9
2
3
5
5
c
f
4
3
6
2
b
a
d
9
6
7
1
0
4
7
a
7
1
3
e
0
d
b
e
b
2
3
4
 
o
f
 
t
y
p
e
 
o
f
s
-
d
e
l
t
a
 
a
p
p
e
n
d
e
d
 
a
t
 
o
f
f
s
e
t
 
1
7
3
5
2
0
2
3
-
1
2
-
0
4
 
1
4
:
0
3
:
3
2
.
1
1
4
2
1
7
8
1
4
 
-
0
3
:
0
0
 
-
 
D
e
l
t
a
 
o
b
j
e
c
t
 
a
p
p
e
n
d
e
d
.
 
B
a
s
e
 
o
b
j
e
c
t
 
o
f
f
s
e
t
:
 
9
7
2
0
2
3
-
1
2
-
0
4
 
1
4
:
0
3
:
3
2
.
1
2
6
1
9
2
1
1
6
 
-
0
3
:
0
0
 
-
 
O
b
j
e
c
t
 
6
b
1
8
3
c
0
a
9
a
d
1
d
5
c
7
6
3
8
4
0
5
9
8
c
d
a
7
8
7
0
3
5
6
e
9
c
b
8
e
 
o
f
 
t
y
p
e
 
o
f
s
-
d
e
l
t
a
 
a
p
p
e
n
d
e
d
 
a
t
 
o
f
f
s
e
t
 
1
8
9
9
2
0
2
3
-
1
2
-
0
4
 
1
4
:
0
3
:
3
2
.
1
4
0
6
5
1
9
1
8
 
-
0
3
:
0
0
 
-
 
O
b
j
e
c
t
 
a
p
p
e
n
d
e
d
.
 
S
i
z
e
:
 
1
4
6
2
0
2
3
-
1
2
-
0
4
 
1
4
:
0
3
:
3
2
.
1
4
6
2
7
2
0
1
9
 
-
0
3
:
0
0
 
-
 
O
b
j
e
c
t
 
6
b
5
f
3
7
7
d
5
0
1
c
0
1
d
6
b
0
4
7
9
4
c
7
b
0
a
5
d
3
9
8
f
6
3
1
1
c
5
8
 
o
f
 
t
y
p
e
 
t
r
e
e
 
a
p
p
e
n
d
e
d
 
a
t
 
o
f
f
s
e
t
 
2
0
7
5
2
0
2
3
-
1
2
-
0
4
 
1
4
:
0
3
:
3
2
.
1
7
4
8
6
0
0
2
3
 
-
0
3
:
0
0
 
-
 
D
e
l
t
a
 
o
b
j
e
c
t
 
a
p
p
e
n
d
e
d
.
 
B
a
s
e
 
o
b
j
e
c
t
 
o
f
f
s
e
t
:
 
6
0
3
2
0
2
3
-
1
2
-
0
4
 
1
4
:
0
3
:
3
2
.
1
8
3
1
3
0
9
2
5
 
-
0
3
:
0
0
 
-
 
O
b
j
e
c
t
 
6
f
8
8
3
c
5
f
2
a
6
2
5
e
7
d
7
d
b
f
9
7
6
c
e
f
3
f
e
3
e
b
0
8
e
3
3
0
3
2
 
o
f
 
t
y
p
e
 
o
f
s
-
d
e
l
t
a
 
a
p
p
e
n
d
e
d
 
a
t
 
o
f
f
s
e
t
 
2
2
3
4
2
0
2
3
-
1
2
-
0
4
 
1
4
:
0
3
:
3
2
.
1
9
5
8
6
2
9
2
7
 
-
0
3
:
0
0
 
-
 
O
b
j
e
c
t
 
a
p
p
e
n
d
e
d
.
 
S
i
z
e
:
 
2
6
4
2
0
2
3
-
1
2
-
0
4
 
1
4
:
0
3
:
3
2
.
2
0
2
1
4
1
5
2
8
 
-
0
3
:
0
0
 
-
 
O
b
j
e
c
t
 
7
0
e
c
b
6
d
2
6
e
f
f
9
9
8
3
9
3
6
0
a
e
6
f
d
f
8
1
3
d
b
d
0
9
8
2
a
e
d
f
 
o
f
 
t
y
p
e
 
b
l
o
b
 
a
p
p
e
n
d
e
d
 
a
t
 
o
f
f
s
e
t
 
2
2
5
2
2
0
2
3
-
1
2
-
0
4
 
1
4
:
0
3
:
3
2
.
2
1
3
6
7
5
6
3
0
 
-
0
3
:
0
0
 
-
 
O
b
j
e
c
t
 
a
p
p
e
n
d
e
d
.
 
S
i
z
e
:
 
7
2
2
0
2
3
-
1
2
-
0
4
 
1
4
:
0
3
:
3
2
.
2
1
9
5
7
7
5
3
1
 
-
0
3
:
0
0
 
-
 
O
b
j
e
c
t
 
7
8
3
5
b
e
d
4
3
2
a
9
b
7
1
5
c
0
9
9
6
7
b
4
c
9
8
c
1
6
4
3
6
a
2
6
0
8
0
8
 
o
f
 
t
y
p
e
 
t
r
e
e
 
a
p
p
e
n
d
e
d
 
a
t
 
o
f
f
s
e
t
 
2
4
4
5
2
0
2
3
-
1
2
-
0
4
 
1
4
:
0
3
:
3
2
.
2
3
0
9
2
7
9
3
3
 
-
0
3
:
0
0
 
-
 
O
b
j
e
c
t
 
a
p
p
e
n
d
e
d
.
 
S
i
z
e
:
 
3
6
2
0
2
3
-
1
2
-
0
4
 
1
4
:
0
3
:
3
2
.
2
3
6
6
4
4
9
3
3
 
-
0
3
:
0
0
 
-
 
O
b
j
e
c
t
 
8
5
2
8
9
f
5
0
9
3
b
d
f
3
f
5
8
5
9
3
9
9
a
e
5
e
5
8
6
6
b
9
0
d
b
1
7
e
5
9
 
o
f
 
t
y
p
e
 
t
r
e
e
 
a
p
p
e
n
d
e
d
 
a
t
 
o
f
f
s
e
t
 
2
5
3
0
2
0
2
3
-
1
2
-
0
4
 
1
4
:
0
3
:
3
2
.
2
4
8
6
5
1
2
3
5
 
-
0
3
:
0
0
 
-
 
D
e
l
t
a
 
o
b
j
e
c
t
 
a
p
p
e
n
d
e
d
.
 
B
a
s
e
 
o
b
j
e
c
t
 
o
f
f
s
e
t
:
 
4
3
2
2
0
2
3
-
1
2
-
0
4
 
1
4
:
0
3
:
3
2
.
2
5
6
8
2
7
4
3
7
 
-
0
3
:
0
0
 
-
 
O
b
j
e
c
t
 
8
6
1
3
5
7
2
0
c
1
2
8
3
d
8
3
f
2
7
4
4
7
8
1
a
9
1
5
a
b
a
3
d
7
4
d
a
3
7
b
 
o
f
 
t
y
p
e
 
o
f
s
-
d
e
l
t
a
 
a
p
p
e
n
d
e
d
 
a
t
 
o
f
f
s
e
t
 
2
5
7
9
2
0
2
3
-
1
2
-
0
4
 
1
4
:
0
3
:
3
2
.
2
6
9
6
1
6
9
3
9
 
-
0
3
:
0
0
 
-
 
D
e
l
t
a
 
o
b
j
e
c
t
 
a
p
p
e
n
d
e
d
.
 
B
a
s
e
 
o
b
j
e
c
t
 
o
f
f
s
e
t
:
 
2
2
5
2
2
0
2
3
-
1
2
-
0
4
 
1
4
:
0
3
:
3
2
.
2
7
7
3
1
1
8
4
0
 
-
0
3
:
0
0
 
-
 
O
b
j
e
c
t
 
8
6
9
d
f
0
d
5
e
f
b
d
b
a
8
8
8
1
3
7
d
f
8
1
e
d
5
1
a
c
7
1
6
0
c
7
b
e
5
1
 
o
f
 
t
y
p
e
 
o
f
s
-
d
e
l
t
a
 
a
p
p
e
n
d
e
d
 
a
t
 
o
f
f
s
e
t
 
2
7
4
8
2
0
2
3
-
1
2
-
0
4
 
1
4
:
0
3
:
3
2
.
2
8
9
4
8
6
2
4
2
 
-
0
3
:
0
0
 
-
 
D
e
l
t
a
 
o
b
j
e
c
t
 
a
p
p
e
n
d
e
d
.
 
B
a
s
e
 
o
b
j
e
c
t
 
o
f
f
s
e
t
:
 
1
8
9
9
2
0
2
3
-
1
2
-
0
4
 
1
4
:
0
3
:
3
2
.
2
9
8
2
7
8
2
4
3
 
-
0
3
:
0
0
 
-
 
O
b
j
e
c
t
 
8
a
3
2
e
a
1
4
4
5
9
f
a
4
9
d
6
8
a
3
d
5
8
f
6
f
e
a
3
7
c
4
b
6
4
5
e
4
d
3
 
o
f
 
t
y
p
e
 
o
f
s
-
d
e
l
t
a
 
a
p
p
e
n
d
e
d
 
a
t
 
o
f
f
s
e
t
 
2
7
8
1
2
0
2
3
-
1
2
-
0
4
 
1
4
:
0
3
:
3
2
.
3
1
0
3
0
1
1
4
5
 
-
0
3
:
0
0
 
-
 
D
e
l
t
a
 
o
b
j
e
c
t
 
a
p
p
e
n
d
e
d
.
 
B
a
s
e
 
o
b
j
e
c
t
 
o
f
f
s
e
t
:
 
1
0
6
9
2
0
2
3
-
1
2
-
0
4
 
1
4
:
0
3
:
3
2
.
3
1
7
3
4
0
7
4
7
 
-
0
3
:
0
0
 
-
 
O
b
j
e
c
t
 
8
b
c
c
d
9
4
f
f
0
d
7
8
1
7
5
2
7
d
7
f
5
b
9
c
a
4
2
2
9
5
6
8
1
5
9
7
a
8
7
 
o
f
 
t
y
p
e
 
o
f
s
-
d
e
l
t
a
 
a
p
p
e
n
d
e
d
 
a
t
 
o
f
f
s
e
t
 
2
9
5
4
2
0
2
3
-
1
2
-
0
4
 
1
4
:
0
3
:
3
2
.
3
2
9
3
8
0
4
4
9
 
-
0
3
:
0
0
 
-
 
D
e
l
t
a
 
o
b
j
e
c
t
 
a
p
p
e
n
d
e
d
.
 
B
a
s
e
 
o
b
j
e
c
t
 
o
f
f
s
e
t
:
 
2
7
8
1
2
0
2
3
-
1
2
-
0
4
 
1
4
:
0
3
:
3
2
.
3
3
6
2
7
1
9
5
0
 
-
0
3
:
0
0
 
-
 
O
b
j
e
c
t
 
8
d
a
a
d
6
7
f
3
2
b
8
0
e
6
9
5
f
0
6
1
1
0
9
e
3
5
d
7
a
7
e
b
6
0
6
2
0
d
1
 
o
f
 
t
y
p
e
 
o
f
s
-
d
e
l
t
a
 
a
p
p
e
n
d
e
d
 
a
t
 
o
f
f
s
e
t
 
2
9
8
8
2
0
2
3
-
1
2
-
0
4
 
1
4
:
0
3
:
3
2
.
3
4
8
9
9
6
4
5
2
 
-
0
3
:
0
0
 
-
 
D
e
l
t
a
 
o
b
j
e
c
t
 
a
p
p
e
n
d
e
d
.
 
B
a
s
e
 
o
b
j
e
c
t
 
o
f
f
s
e
t
:
 
6
7
1
2
0
2
3
-
1
2
-
0
4
 
1
4
:
0
3
:
3
2
.
3
5
5
9
2
8
6
5
3
 
-
0
3
:
0
0
 
-
 
O
b
j
e
c
t
 
9
2
c
b
4
e
1
3
2
9
5
3
9
3
3
7
4
c
2
b
2
b
3
e
b
d
7
9
b
e
d
c
8
3
2
6
3
a
7
e
 
o
f
 
t
y
p
e
 
o
f
s
-
d
e
l
t
a
 
a
p
p
e
n
d
e
d
 
a
t
 
o
f
f
s
e
t
 
3
1
6
2
2
0
2
3
-
1
2
-
0
4
 
1
4
:
0
3
:
3
2
.
3
6
7
6
2
6
6
5
5
 
-
0
3
:
0
0
 
-
 
D
e
l
t
a
 
o
b
j
e
c
t
 
a
p
p
e
n
d
e
d
.
 
B
a
s
e
 
o
b
j
e
c
t
 
o
f
f
s
e
t
:
 
9
7
2
0
2
3
-
1
2
-
0
4
 
1
4
:
0
3
:
3
2
.
3
7
4
4
0
1
3
5
6
 
-
0
3
:
0
0
 
-
 
O
b
j
e
c
t
 
9
5
7
7
9
8
9
5
9
9
d
7
4
6
f
a
7
e
f
c
6
6
5
5
2
e
5
f
5
4
6
b
c
f
a
1
e
a
5
b
 
o
f
 
t
y
p
e
 
o
f
s
-
d
e
l
t
a
 
a
p
p
e
n
d
e
d
 
a
t
 
o
f
f
s
e
t
 
3
3
2
6
2
0
2
3
-
1
2
-
0
4
 
1
4
:
0
3
:
3
2
.
3
8
6
7
3
4
5
5
8
 
-
0
3
:
0
0
 
-
 
D
e
l
t
a
 
o
b
j
e
c
t
 
a
p
p
e
n
d
e
d
.
 
B
a
s
e
 
o
b
j
e
c
t
 
o
f
f
s
e
t
:
 
6
7
1
2
0
2
3
-
1
2
-
0
4
 
1
4
:
0
3
:
3
2
.
3
9
6
0
6
2
2
5
9
 
-
0
3
:
0
0
 
-
 
O
b
j
e
c
t
 
9
6
2
9
6
a
2
9
e
f
2
3
4
6
3
a
3
9
f
9
d
b
c
0
4
6
f
d
1
e
4
7
d
f
f
f
f
3
8
e
 
o
f
 
t
y
p
e
 
o
f
s
-
d
e
l
t
a
 
a
p
p
e
n
d
e
d
 
a
t
 
o
f
f
s
e
t
 
3
5
0
2
2
0
2
3
-
1
2
-
0
4
 
1
4
:
0
3
:
3
2
.
4
1
0
8
2
0
4
6
2
 
-
0
3
:
0
0
 
-
 
O
b
j
e
c
t
 
a
p
p
e
n
d
e
d
.
 
S
i
z
e
:
 
7
2
2
0
2
3
-
1
2
-
0
4
 
1
4
:
0
3
:
3
2
.
4
1
6
2
9
8
9
6
3
 
-
0
3
:
0
0
 
-
 
O
b
j
e
c
t
 
9
8
4
a
b
4
5
0
2
b
b
1
c
b
5
e
5
2
5
5
9
6
8
9
c
0
c
b
e
1
d
c
0
a
c
5
8
6
e
7
 
o
f
 
t
y
p
e
 
t
r
e
e
 
a
p
p
e
n
d
e
d
 
a
t
 
o
f
f
s
e
t
 
3
6
6
6
2
0
2
3
-
1
2
-
0
4
 
1
4
:
0
3
:
3
2
.
4
4
8
3
2
2
2
6
8
 
-
0
3
:
0
0
 
-
 
D
e
l
t
a
 
o
b
j
e
c
t
 
a
p
p
e
n
d
e
d
.
 
B
a
s
e
 
o
b
j
e
c
t
 
o
f
f
s
e
t
:
 
6
0
3
2
0
2
3
-
1
2
-
0
4
 
1
4
:
0
3
:
3
2
.
4
5
7
5
7
9
9
6
9
 
-
0
3
:
0
0
 
-
 
O
b
j
e
c
t
 
9
8
9
8
6
7
7
f
0
4
b
a
3
2
1
e
1
f
4
a
b
e
f
0
f
4
f
b
e
4
8
c
e
d
0
0
0
3
e
4
 
o
f
 
t
y
p
e
 
o
f
s
-
d
e
l
t
a
 
a
p
p
e
n
d
e
d
 
a
t
 
o
f
f
s
e
t
 
3
7
5
1
2
0
2
3
-
1
2
-
0
4
 
1
4
:
0
3
:
3
2
.
4
6
8
6
3
4
1
7
1
 
-
0
3
:
0
0
 
-
 
O
b
j
e
c
t
 
a
p
p
e
n
d
e
d
.
 
S
i
z
e
:
 
1
0
9
2
0
2
3
-
1
2
-
0
4
 
1
4
:
0
3
:
3
2
.
4
7
3
9
8
8
2
7
2
 
-
0
3
:
0
0
 
-
 
O
b
j
e
c
t
 
a
0
2
9
c
0
0
4
7
0
6
d
1
3
b
0
7
1
f
e
1
2
8
3
6
2
b
0
7
d
1
5
a
d
9
4
3
0
8
0
 
o
f
 
t
y
p
e
 
t
r
e
e
 
a
p
p
e
n
d
e
d
 
a
t
 
o
f
f
s
e
t
 
3
7
6
9
2
0
2
3
-
1
2
-
0
4
 
1
4
:
0
3
:
3
2
.
4
8
4
8
8
9
8
7
4
 
-
0
3
:
0
0
 
-
 
O
b
j
e
c
t
 
a
p
p
e
n
d
e
d
.
 
S
i
z
e
:
 
3
6
2
0
2
3
-
1
2
-
0
4
 
1
4
:
0
3
:
3
2
.
4
8
9
9
6
8
4
7
5
 
-
0
3
:
0
0
 
-
 
O
b
j
e
c
t
 
a
0
f
e
1
c
b
2
2
b
c
f
8
6
d
9
2
f
4
1
2
8
d
7
c
c
a
4
d
6
c
f
b
9
a
8
1
b
f
a
 
o
f
 
t
y
p
e
 
t
r
e
e
 
a
p
p
e
n
d
e
d
 
a
t
 
o
f
f
s
e
t
 
3
8
7
6
2
0
2
3
-
1
2
-
0
4
 
1
4
:
0
3
:
3
2
.
5
1
9
9
7
3
0
7
9
 
-
0
3
:
0
0
 
-
 
D
e
l
t
a
 
o
b
j
e
c
t
 
a
p
p
e
n
d
e
d
.
 
B
a
s
e
 
o
b
j
e
c
t
 
o
f
f
s
e
t
:
 
3
7
5
1
2
0
2
3
-
1
2
-
0
4
 
1
4
:
0
3
:
3
2
.
5
2
9
4
3
9
4
8
1
 
-
0
3
:
0
0
 
-
 
O
b
j
e
c
t
 
a
8
0
8
0
3
4
4
2
6
0
b
7
8
d
8
8
3
2
2
4
f
8
0
2
4
8
4
d
a
2
b
1
d
e
a
3
7
8
4
 
o
f
 
t
y
p
e
 
o
f
s
-
d
e
l
t
a
 
a
p
p
e
n
d
e
d
 
a
t
 
o
f
f
s
e
t
 
3
9
2
5
2
0
2
3
-
1
2
-
0
4
 
1
4
:
0
3
:
3
2
.
5
5
9
4
4
2
1
8
6
 
-
0
3
:
0
0
 
-
 
D
e
l
t
a
 
o
b
j
e
c
t
 
a
p
p
e
n
d
e
d
.
 
B
a
s
e
 
o
b
j
e
c
t
 
o
f
f
s
e
t
:
 
6
0
3
2
0
2
3
-
1
2
-
0
4
 
1
4
:
0
3
:
3
2
.
5
6
9
4
6
5
2
8
8
 
-
0
3
:
0
0
 
-
 
O
b
j
e
c
t
 
a
9
a
6
8
e
3
9
e
4
9
7
9
9
a
7
8
4
2
c
c
6
6
b
2
3
a
e
b
a
6
1
e
5
8
2
e
2
5
1
 
o
f
 
t
y
p
e
 
o
f
s
-
d
e
l
t
a
 
a
p
p
e
n
d
e
d
 
a
t
 
o
f
f
s
e
t
 
3
9
4
3
2
0
2
3
-
1
2
-
0
4
 
1
4
:
0
3
:
3
2
.
5
8
0
6
8
1
7
8
9
 
-
0
3
:
0
0
 
-
 
O
b
j
e
c
t
 
a
p
p
e
n
d
e
d
.
 
S
i
z
e
:
 
7
2
2
0
2
3
-
1
2
-
0
4
 
1
4
:
0
3
:
3
2
.
5
8
5
9
7
6
6
9
0
 
-
0
3
:
0
0
 
-
 
O
b
j
e
c
t
 
b
1
e
5
b
9
1
9
7
1
7
4
a
f
c
b
f
2
7
0
f
8
4
8
9
7
2
f
7
b
8
3
0
6
e
4
b
d
a
1
 
o
f
 
t
y
p
e
 
t
r
e
e
 
a
p
p
e
n
d
e
d
 
a
t
 
o
f
f
s
e
t
 
3
9
7
1
2
0
2
3
-
1
2
-
0
4
 
1
4
:
0
3
:
3
2
.
5
9
6
7
0
0
7
9
2
 
-
0
3
:
0
0
 
-
 
O
b
j
e
c
t
 
a
p
p
e
n
d
e
d
.
 
S
i
z
e
:
 
1
0
9
2
0
2
3
-
1
2
-
0
4
 
1
4
:
0
3
:
3
2
.
6
0
2
0
5
5
4
9
3
 
-
0
3
:
0
0
 
-
 
O
b
j
e
c
t
 
c
0
7
6
3
7
a
2
8
9
3
5
3
0
0
a
c
a
1
b
5
f
b
f
5
e
c
4
1
a
4
c
2
9
6
d
c
a
9
b
 
o
f
 
t
y
p
e
 
t
r
e
e
 
a
p
p
e
n
d
e
d
 
a
t
 
o
f
f
s
e
t
 
4
0
5
6
2
0
2
3
-
1
2
-
0
4
 
1
4
:
0
3
:
3
2
.
6
1
3
5
3
3
3
9
5
 
-
0
3
:
0
0
 
-
 
O
b
j
e
c
t
 
a
p
p
e
n
d
e
d
.
 
S
i
z
e
:
 
7
2
2
0
2
3
-
1
2
-
0
4
 
1
4
:
0
3
:
3
2
.
6
1
9
9
0
0
7
9
6
 
-
0
3
:
0
0
 
-
 
O
b
j
e
c
t
 
c
7
c
0
e
0
c
5
1
2
3
b
0
8
4
9
b
2
b
1
6
5
e
6
7
4
5
d
e
d
d
6
7
9
9
0
a
5
c
9
 
o
f
 
t
y
p
e
 
t
r
e
e
 
a
p
p
e
n
d
e
d
 
a
t
 
o
f
f
s
e
t
 
4
1
7
8
2
0
2
3
-
1
2
-
0
4
 
1
4
:
0
3
:
3
2
.
6
3
1
0
9
2
8
9
8
 
-
0
3
:
0
0
 
-
 
O
b
j
e
c
t
 
a
p
p
e
n
d
e
d
.
 
S
i
z
e
:
 
1
4
2
0
2
3
-
1
2
-
0
4
 
1
4
:
0
3
:
3
2
.
6
3
6
2
0
8
9
9
8
 
-
0
3
:
0
0
 
-
 
O
b
j
e
c
t
 
c
d
2
f
7
b
5
8
8
2
1
8
0
e
a
e
3
5
e
f
d
2
c
3
c
6
0
d
b
0
a
6
9
8
a
2
4
b
6
8
 
o
f
 
t
y
p
e
 
b
l
o
b
 
a
p
p
e
n
d
e
d
 
a
t
 
o
f
f
s
e
t
 
4
2
6
3
2
0
2
3
-
1
2
-
0
4
 
1
4
:
0
3
:
3
2
.
6
4
6
9
8
6
9
0
0
 
-
0
3
:
0
0
 
-
 
O
b
j
e
c
t
 
a
p
p
e
n
d
e
d
.
 
S
i
z
e
:
 
1
8
4
2
0
2
3
-
1
2
-
0
4
 
1
4
:
0
3
:
3
2
.
6
5
2
3
6
5
6
0
1
 
-
0
3
:
0
0
 
-
 
O
b
j
e
c
t
 
d
4
f
c
b
8
b
4
3
8
a
7
5
3
4
3
0
5
7
5
d
c
7
6
a
c
3
8
0
a
f
0
f
9
a
0
0
2
a
4
 
o
f
 
t
y
p
e
 
c
o
m
m
i
t
 
a
p
p
e
n
d
e
d
 
a
t
 
o
f
f
s
e
t
 
4
2
8
4
2
0
2
3
-
1
2
-
0
4
 
1
4
:
0
3
:
3
2
.
6
6
4
3
2
4
5
0
3
 
-
0
3
:
0
0
 
-
 
D
e
l
t
a
 
o
b
j
e
c
t
 
a
p
p
e
n
d
e
d
.
 
B
a
s
e
 
o
b
j
e
c
t
 
o
f
f
s
e
t
:
 
2
5
2
2
0
2
3
-
1
2
-
0
4
 
1
4
:
0
3
:
3
2
.
6
7
1
2
6
3
5
0
4
 
-
0
3
:
0
0
 
-
 
O
b
j
e
c
t
 
d
7
e
f
3
c
c
7
9
9
f
e
4
b
1
7
5
9
5
9
5
b
8
a
9
4
a
8
3
4
a
b
a
3
5
1
2
c
0
4
 
o
f
 
t
y
p
e
 
o
f
s
-
d
e
l
t
a
 
a
p
p
e
n
d
e
d
 
a
t
 
o
f
f
s
e
t
 
4
4
0
9
2
0
2
3
-
1
2
-
0
4
 
1
4
:
0
3
:
3
2
.
6
8
3
4
3
3
2
0
6
 
-
0
3
:
0
0
 
-
 
D
e
l
t
a
 
o
b
j
e
c
t
 
a
p
p
e
n
d
e
d
.
 
B
a
s
e
 
o
b
j
e
c
t
 
o
f
f
s
e
t
:
 
6
7
1
2
0
2
3
-
1
2
-
0
4
 
1
4
:
0
3
:
3
2
.
6
9
1
0
2
5
9
0
7
 
-
0
3
:
0
0
 
-
 
O
b
j
e
c
t
 
d
f
2
6
2
7
a
6
3
2
e
c
7
5
3
8
9
e
0
7
d
4
1
9
1
b
0
0
f
b
a
a
5
c
e
1
f
b
4
6
 
o
f
 
t
y
p
e
 
o
f
s
-
d
e
l
t
a
 
a
p
p
e
n
d
e
d
 
a
t
 
o
f
f
s
e
t
 
4
5
7
3
2
0
2
3
-
1
2
-
0
4
 
1
4
:
0
3
:
3
2
.
7
0
3
7
8
4
5
0
9
 
-
0
3
:
0
0
 
-
 
O
b
j
e
c
t
 
a
p
p
e
n
d
e
d
.
 
S
i
z
e
:
 
7
2
2
0
2
3
-
1
2
-
0
4
 
1
4
:
0
3
:
3
2
.
7
1
0
0
5
3
0
1
0
 
-
0
3
:
0
0
 
-
 
O
b
j
e
c
t
 
e
4
1
9
6
f
7
b
f
a
2
9
c
3
9
d
f
c
4
2
d
c
9
3
b
a
a
1
8
9
7
4
a
b
b
f
e
e
e
7
 
o
f
 
t
y
p
e
 
t
r
e
e
 
a
p
p
e
n
d
e
d
 
a
t
 
o
f
f
s
e
t
 
4
7
3
7
2
0
2
3
-
1
2
-
0
4
 
1
4
:
0
3
:
3
2
.
7
2
1
9
8
7
7
1
2
 
-
0
3
:
0
0
 
-
 
O
b
j
e
c
t
 
a
p
p
e
n
d
e
d
.
 
S
i
z
e
:
 
3
6
2
0
2
3
-
1
2
-
0
4
 
1
4
:
0
3
:
3
2
.
7
2
7
0
7
4
8
1
3
 
-
0
3
:
0
0
 
-
 
O
b
j
e
c
t
 
e
5
5
a
2
b
8
e
0
9
3
4
7
0
b
1
b
1
8
5
2
3
3
1
9
8
a
c
9
4
f
4
6
7
3
9
7
f
b
8
 
o
f
 
t
y
p
e
 
t
r
e
e
 
a
p
p
e
n
d
e
d
 
a
t
 
o
f
f
s
e
t
 
4
8
2
2
2
0
2
3
-
1
2
-
0
4
 
1
4
:
0
3
:
3
2
.
7
3
8
6
8
5
5
1
5
 
-
0
3
:
0
0
 
-
 
D
e
l
t
a
 
o
b
j
e
c
t
 
a
p
p
e
n
d
e
d
.
 
B
a
s
e
 
o
b
j
e
c
t
 
o
f
f
s
e
t
:
 
6
7
1
2
0
2
3
-
1
2
-
0
4
 
1
4
:
0
3
:
3
2
.
7
4
5
6
0
7
6
1
6
 
-
0
3
:
0
0
 
-
 
O
b
j
e
c
t
 
e
6
2
3
d
8
d
9
e
8
e
5
b
5
f
c
1
c
9
c
e
7
f
2
7
1
2
a
9
e
f
7
3
b
1
7
1
9
d
f
 
o
f
 
t
y
p
e
 
o
f
s
-
d
e
l
t
a
 
a
p
p
e
n
d
e
d
 
a
t
 
o
f
f
s
e
t
 
4
8
7
1
2
0
2
3
-
1
2
-
0
4
 
1
4
:
0
3
:
3
2
.
7
5
6
8
2
9
1
1
8
 
-
0
3
:
0
0
 
-
 
O
b
j
e
c
t
 
a
p
p
e
n
d
e
d
.
 
S
i
z
e
:
 
1
8
3
2
0
2
3
-
1
2
-
0
4
 
1
4
:
0
3
:
3
2
.
7
6
3
5
9
7
1
1
9
 
-
0
3
:
0
0
 
-
 
O
b
j
e
c
t
 
f
3
3
3
d
3
0
5
2
e
2
0
7
5
8
e
4
1
e
8
f
c
1
6
e
a
d
d
5
b
9
4
1
8
d
4
b
7
8
4
 
o
f
 
t
y
p
e
 
t
r
e
e
 
a
p
p
e
n
d
e
d
 
a
t
 
o
f
f
s
e
t
 
5
0
3
5
2
0
2
3
-
1
2
-
0
4
 
1
4
:
0
3
:
3
2
.
7
9
0
2
2
3
4
2
3
 
-
0
3
:
0
0
 
-
 
D
e
l
t
a
 
o
b
j
e
c
t
 
a
p
p
e
n
d
e
d
.
 
B
a
s
e
 
o
b
j
e
c
t
 
o
f
f
s
e
t
:
 
1
4
7
9
2
0
2
3
-
1
2
-
0
4
 
1
4
:
0
3
:
3
2
.
7
9
9
6
7
5
1
2
5
 
-
0
3
:
0
0
 
-
 
O
b
j
e
c
t
 
f
a
6
4
2
3
7
e
e
a
f
8
d
2
8
9
0
0
b
2
1
5
7
3
e
c
e
5
3
c
8
4
d
9
b
c
9
8
0
d
 
o
f
 
t
y
p
e
 
o
f
s
-
d
e
l
t
a
 
a
p
p
e
n
d
e
d
 
a
t
 
o
f
f
s
e
t
 
5
2
1
8
2
0
2
3
-
1
2
-
0
4
 
1
4
:
0
3
:
3
2
.
8
2
9
6
5
8
5
3
0
 
-
0
3
:
0
0
 
-
 
D
e
l
t
a
 
o
b
j
e
c
t
 
a
p
p
e
n
d
e
d
.
 
B
a
s
e
 
o
b
j
e
c
t
 
o
f
f
s
e
t
:
 
6
0
3
2
0
2
3
-
1
2
-
0
4
 
1
4
:
0
3
:
3
2
.
8
3
7
6
1
5
9
3
1
 
-
0
3
:
0
0
 
-
 
O
b
j
e
c
t
 
f
f
3
0
2
8
d
0
a
0
b
4
2
2
2
1
9
2
9
8
a
b
c
f
e
e
1
b
c
5
9
c
e
6
e
9
2
5
5
b
 
o
f
 
t
y
p
e
 
o
f
s
-
d
e
l
t
a
 
a
p
p
e
n
d
e
d
 
a
t
 
o
f
f
s
e
t
 
5
2
4
9
2
0
2
3
-
1
2
-
0
4
 
1
4
:
2
9
:
3
5
.
8
1
9
5
0
0
9
9
9
 
-
0
3
:
0
0
 
-
 
C
r
e
a
t
i
n
g
 
p
a
c
k
f
i
l
e
 
r
e
a
d
e
r
.
.
.
2
0
2
3
-
1
2
-
0
4
 
1
4
:
2
9
:
3
5
.
8
2
7
6
1
4
8
9
9
 
-
0
3
:
0
0
 
-
 
V
a
l
i
d
a
t
i
n
g
 
p
a
c
k
f
i
l
e
.
.
.
2
0
2
3
-
1
2
-
0
4
 
1
4
:
2
9
:
3
5
.
8
3
3
1
9
8
8
9
9
 
-
0
3
:
0
0
 
-
 
T
o
t
a
l
 
o
b
j
e
c
t
s
:
 
1
2
2
0
2
3
-
1
2
2
-0

02

3
4
-
 
11

42

-:

20

49

: 

13

54

:.

82

93

8:

31

65

.6

58

39

98

6
 
7
-9

60

39

9:

0 

-0

0 

-3

: 

R0

0e

a 

-
d
 i

n
C
gr

 e

ao

b
t
ij

en

g
c
 t

p
 
a
1
c
 
ko

ff

 i

l
1
e
2
.
.
. 

P.

a
c
k2

0f

i2

3l

-e

 
1
p
2
o
-
s
i
0
t
4
i
 
o1

4n

:
:
2
 
9
1
3
:
3
5
2
.0

28

43

3-

15

2
8-

06

74

 9

19

 
4
-
:
02

9
:3

3:

05

.
0
8 

-4

 5

5A

4
2
p
3p

e9

9n

d
 
i
-
n
0g

3
 :

0
5
4
0
 
 
o-

 b

j
O
eb

j
e
c
c
t
ts

.
 
.t

y.

p
e
:
 
c
o
m
m
i
t
2
2
0
20

23

-3

-1

21

-2

-0

04

 
41

 4

:1

42

9:

2:

9
3
:5

3.

85

.5

08

58

80

90

31

9
5
91

9
 
9
-
 
0-

03

3
:
0
:
0
0
 
0
-
 
 
-
R
 
eO

ab

d
j
ei

cn

gt

  

ao

bp

pj

ee

n
dc

te

d 

.2

  

So

if

 z

e
:
1
 
2
7
.
2
 
P
2
a
0
c
2
k
3
-
f
1
i2

l-

0e

4 

p 

1o

s4

:
2
i
9
t
i
:o

3n

:5

. 

18

5
6
7
73

22

80

2
4
3
9-

19

 2

--

0
0
43

: 

01

40

 :

2-

 9

O
:
3b

5j

e.

8c

t
5
 
8
0
92

44

31

7a

e9

91

d 

-a

0d

b
3
4:

00

0
f
b 

-4

9 

O6

9b

j0

d
e
d
c
8t

 b

bt

y9

0
p
be

:9

8 

c9

o5

em

m3

ci

t0

2
e
c2

07

 2

3o

-
f
 1

t2

-y

p0

4e

  

1t

4
r
e
:
e
2
 9

:a

p3

5p

e.

8
n
6
d
4e

d6

7
 
8
a
2
t
9
 
9
o 

-f

f0

3s

e
:
t
0
 0

 1

2-

 
R
e
a
d
i
n
g
 
o
2
b
0
j
2
e
3
c
-t

 1

23

 -

0
4
o
 
f
1
 
4
1
:
2
2
.
9
 :

P3

5
.
a8

6
c
9k

f3

5i

l8

8e

 9

9
 p

-o

s0

3i

t:

0i

o0

n 

-
 
:
 
O
3
b3

1
j
e
2
c
0
t
 
a2

3p

p-

1
e
2n

d
-
e0

4d

.
  

1S

i4

:
z
e2

9:

: 

2
3
3
45

.
8
2
70

2
2
39

4-

91

2
-2

90

49

 
 
-1

4
0
:3

:2

9
:
0
30

 5

.-

 8

7O

b
9
j
5e

c1

8t

 0

9t

y9

 p

e-

0
3
:
:
 
0
c0

 o

-m

m 

Oi

tb

j
e
c
t
2
 
0
0
25

7
3
4-

12

02

3
b
-
6
0
5
45

d 

1f

34

:
b
2a

b
8
9
2:

93

52

7.

83

a8

3
9
3
3
11

46

68

79

91

a 

-
f
0
c3

:e

00

08

8 

-0

8
 
R
 
e
o
af

 d

it

yn

gp

e 

o
b
 
jc

oe

cm

tm

i
 
t4

  

o
af

 p

p1

2
e
.
n
 
d
Pe

da

c
k
 
fa

ti

l 

oe

 f

fp

os

s
e
i
t
t 

9i

o7

n
:
 
4
8
9
2
0
2
3
-
1
2
-
0
4
 
1
4
:
22

90

:
2
33

-
5
1
.
28

-9

00

64

5
 
1
84

:8

92

99

 :

-3

0
35

.
8
9
:
1
0
90

 0

1-

 
O
5
b
9
9
 j

e-

0c

3t

 :

t
y0

p0

 
-
e
 
:D

e 

cl

o
m
t
ma

 i

o
b
t
j
e
c
2
0
t
2
 
3a

p-

1p

e
n
2d

-
0
e
4d

 
.
1
 
4
B
:
a
s
2e

9
 :

o3

5b

j.

e8

9c

t
 
6
3
o
3
f
2
f1

9s

9
e
t 

-
:
0
 
39

7:

0
02

0 

-2

3 

R-

1e

a2

-d

i0

4n

g 

1 

o4

:b

j2

9e

c:

3t

 5

.5

 8

9o

f9

5 

15

72

.7

9
 
9
P
 
a
-c

k0

3f

i:

l0

0e

 
- 

 p

oO

sb

i
tj

e
i
c
o
t
 
n2

6:

b
 
6
7
4
85

f
2a

c
a
0
02

33

-
1
9
28

8-

0
a
6
4
b
 e

01

4
:
e
2f

94

0
:
8
e
3
3
5
3
.
9
e0

3c

67

1
8
a
6
3
3a

49

9
 
c
-f

7
0
1
3
3
 
:
o
0
f0

 
-
 
 
t
O
y
b
p
e
j
 
e
oc

tf

 
t
s
y
-
p
d
e
le

:t

a 

t 

r
ea

p
e
p
e
n
2
d0

e2

3d

 -

1
a
2
t
-
 
0o

f4

f 

1
s
e
4
t
:
2
 
2
5
9
2
:
3
5
.
9
0
9
3
5
8
0
9
9
 
-
0
3
:
0
0
2 

0-

2 

R3

-
e
1
a2

d
-
i
0
n
g
4
 
 
o
b1

4j

e:

2c

t9

: 

63

5
 
.o

f9

1
 
13

02

.9

7 

7
P
9a

9
c
 
k
-
f
0i

l3

e:

0
 
0
p
 
o
-
s 

iD

e
t
li

to

an

: 

o 

b7

4j

e8

c
t2

0
 
2
a
3
p
-
p
1
e
2
n
-
d
0
e
4
d
 .

1 

B4

a:

2s

e9

: 

3o

b5

.j

9
e
1
c
8
t
8 

o5

f2

9f

s9

9e

t 

-:

 
0
9
3
7
:
0
20

 0

-2

3 

O-

1b

2
-
j
0
e
4
c
 
t1

4 

t:

2y

p9

:
e
3
:
5
 .

9
b
2
l
1
o
7b

3
6
9
9
9
2
 
0
-
2
03

-3

:1

02

-0

 
-
0
 
4
O 

1b

j4

e:

2
c
9
t:

3
 5

.
92

2
9
4
e
1
7
a
6
42

6
6
9
5
9
f
 
a-

0b

73

6:

40

0
7
b
 
-
 
b
d
R
e
d
a
d3

ai

2
n
eg

2 

eo

b
7
j
4
e
8c

t
e 

7
c
 
o
0
f
 d

1
4
2
.
2
 
4P

a
3
c
k
0
ff

c
i
4
l
 
e
 o

fp

o 

ts

y
i
p
te

 
io

f
o
s
-
n
d
e:

l
 
t
a8

 
0
a
1
p
p
2
e0

2n

d3

-e

d1

2 

a
-
t0

4 

o 

1f

f4

:s

2e

t9

: 

43

53

2.

9
3
4
3
6
7
0
9
9
 
-
0
3
:
0
0
 
-
 
O
b
2
j
0
e2

3c

t-

1
 
2t

y-

0p

4e

: 

1 

o4

:f

s2

9-

d:

3e

l5

.t

a9

3
7
2
80

24

93

-1

91

29

 -

0-

04

3 

1:

40

0:

 
2
-
9
: 

O3

5b

j.

9e

3c

t9

5 

a4

5p

p7

e9

9n

d 

-e

d0

3.

:
 
0
S
0
 i

z
-
e
 :

 O

4b

j1

9e

4c

t
 
2
0t

2y

p3

-e

:1

2 

b
-
l0

o4

 b

1
4
:
2
9
2
:
03

52

3.

9-

14

32

-2

10

14

 3

19

94

: 

2-

09

:3

:3

50

0.

9 

-4

4 

O4

6b

4j

e4

9c

t9

  

3-

0c

a3

:0

50

0c

c 

-c

6 

Ab

ep

p5

8l

yd

i2

n2

7g

 6

4d

e
d
l
c
t
1
a
b.

.b

.5

1
e
23

b0

25

e
3
7
-
e1

23

3-

04

e4

6
 
f
1
4
4
 
:
o
2
f
9
 
:
t
3
y
5
p
.
e9

 
4
b
8
l
8
o
0
b
0
 
4
a9

p9

 p

e-

0n

d
3
e
:
d
0
 
0
a
 
t
- 

o
f
 
fR

se

ae

td

i 

n6

0g

3
 
o
b
j
e
c
t
 
8
 
o
f
 
1
2
.
2
0
 2

3P

a-

1c

k2

-f

i
0
l
4
 
e1

4 

:p

o2

9s

i:

3t

i
5
.
9
o5

3n

7:

 9

83

92

79

9
 
-
2
0
0
32

3:

-0

01

2
 
-
-
 
0O

b4

 j

e1

4
c
:t

2 

a9

p
p
:
e
n3

5d

e.

9
d
5.

6 

S
0
i
z
7
e
3:

 7

96

9
 2

0-

0
2
3
3
:
-
0
1
0
2
 
-
-0

4 

O 

1b

4j

e
:
c
2
9
t
: 

t3

5y

p.

9e

:5

8 

t8

7r

e8

5e

9
9
 
2
-
0
0
2
3
3
:-

10

2
0
-
 
0
-
4
 
O
 
b
1
j4

e:

2c

9
t
:
 
3
4
5
3.

95

64

1
e
0
5
3
58

6b

9e

09

 5

4-

04

c3

:
c
0c

70

 e

-b

a 

R6

1e

a
a
d4

i7

4n

0
g
f
 
eo

b5

4j

e8

ca

3t

 1

a9

 6

of

a
f
d
 
 1

o2

.
 f

P
 
a
tc

k
f
i
yl

ep

e 

p 

bo

l
s
oi

bt

i 

ao

np

p:

 e

n
9
d
0
e8

d
 2

a
0
t
2 

o
3f

f
-
s
e
1
t
 
2
6
-
5
6
0
4
 
1
4
:
2
9
:
3
5
.
9
7
2
00

25

63

-9

61

29

9-

0 

-4

 0

13

:4

:
0
2
0
9 

-:

3 

O5

.b

j9

7e

c3

4t

 7

7t

0y

p9

e9

 :

- 

o0

3f

s:

0-

d0

e 

-l

t 

Da

e
l2

0t

a2

3 

o
-
b1

2j

e-

0c

t4

  

1a

p4

p:

2
e
9n

d
:
e
3
d
5
..

9 

B7

a6

5s

e6

8 

o8

9b

j9

 e

c-

0t

 
3
:
o
0
f
0
f 

s-

 e

t
O
:b

 j

e
2
c
5
t
2
 
t
y2

0p

e2

3:

 -

b1

2l

o-

b0

4
 
1
4
:
2
2
0
29

:3

-3

15

.2

-9

80

0
4
3
 
51

4
1
:9

92

9
9
: 

-
3
05

.
3
9
:
8
0
10

 
5
-2

 2

8O

b9

9j

e 

-c

t0

3 

4:

04

50

 c

6-

 9

eA

p
2
p
3
l
d
y
0
i
3
n
d
g
0
 
c
d
ae

lb

t0

da

.e

.1

e.

0
5
3
2
c
0c

4
2
4
d
3
a
-
2
1
1
2
8
-
8
02

24

 
0
1
b
4
b
 
o:

f2

9 

:t

y
3
p5

.e

 9

o
8f

s6

2
-
2d

e
7
l
8
t
9
a
9
 
a
 
p
-
0
p
3
:e

0
n
0
d
e
 
d-

 
 
a
R
t
e
 
a
o
df

fi

ns

eg

 t

 o

b6

7j

e1

c
t
 
1
0
 
o
f
2
 
0
1
22

.3

-
 
1
P
2
a
-
c
0
k
4f

i 

1l

4
e
: 

p2

9o

s:

3i

t5

.i

o9

9n

2:

 
9
91

32

76

9
29

 0

2-

03

3
-
:
0
1
0
2
 
--

 
0
O
b
4
 
j
1e

4c

t:

 2

9a

p:

3p

5e

n.

9d

e
9
d
6
.4

3 

S5

i
5
9z

e9

 :

 -

01

03

:9

0
02

0 

-2

3 

O-

1b

j2

-e

c
0
t4

  

t1

4
y
:p

e2

9:

 :

3t

5r

e.

9e

9
9
2
7
05

72

38

9-

19

 2

--

00

43

:
 
0
1
40

:
 
2
-
9
 
:
O
3
b
6
j
.
e
0
c
0t

 1

44

53

97

7e

b9

95

0 

-5

e0

34

0:

04

b0

e
 
e
-5

1 

6R

ea

9a

d4

di

ne

4g

 5

eo

b7

2j

e
5
c
f
t
 
7
1
1e

5 

eo

fb

3 

1f

4
2
d
.
c
 
 P

oa

cf

 
k
t
f
y
i
pl

ee

 
 
p
t
or

s
e
i
e
 
t
i
a
op

n
p
e:

n 

1d

e0

2d

 
8a

t
2 

0o

f
2
f
3
s
-
e
1
t
 
28

4
-
0
9
4
 
1
4
:
2
9
:
3
6
2
.
00

1
2
3
-0

5
1
6
1
2
7
-9

9
0
 
4
 
-
0
1
3
:4

:
0
2
09

:
 
3-

6
.
 
0
O
1
b3

0j

8
e
2
c
4
t9

9 

 t

-
y
0
p
3
e
:
0
:
0
  

o
-
f 

Os

b
-
j
d
ee

cl

tt

a
 
a
p2

0p

2
e
3
n
-
d
1
e2

-d

0.

 
4
S
 
i
1
z
4
e
:
 
7:

22

9
:
2
30

26

3.

0-

1
1
27

8-

00

44

 8

91

94

 :

2
-
9
0
:3

:3

60

.0

0 

1-

 9

5O

b1

4j

e0

9c

t9

  

t-

0y

3p

e:

0:

0 

b 

-l

 
o
Ob

b
j
e
c
t
2 

04

82

35

c-

1d

e2

-c

a0

48

e 

a1

4
b
:6

a2

9
e
0:

3a

56

d.

07

2e

a2

59

2c

85

e8

9
1
79

 f

d-

0
d
3d

:9

7
0
e
0
0
 
c
-
b
 
2
A
b
p
 
p
o
l
f
y
 i

tn

gy

p
 
ed

e 

lt

r
t
e
a
e.

.
 
.a

p
p
e2

n0

2d

3e

d-

 1

2a

t-

0 

o4

 f

f1

4s

e:

2t

 9

9:

35

86

.
0
2
7
6
1
5
4
9
9
 
-
0
3
:
0
0
 
-
 
R
e
a
d
i
2n

g0

2 

o3

-b

1j

e2

-c

t
0
 4

 1

21

 4

:o

f2

9 

1:

23

6.

. 

P0

3a

c1

3k

f6

7i

l6

9e

 9

 p

-o

s0

i3

:t

i
0
0
o
 n

:-

  

1D

e0

l4

6t

a
 2

0o

b2

j3

-e

c1

t2

- 

0a

p4

p
 
e1

n4

:d

e2

9d

.:

3 

B6

.a

s0

e3

4 

o7

0b

j0

4e

c9

9t

  

-o

f0

3f

s:

0
e
0t

: 

- 

6 

5O

6
b
j
2
e
0
c
2
t
3 

t-

1y

p2

-e

:0

4 

o 

1f

s4

:-

d2

9
e
:
l
3t

a6

.
0
2
30

72

3
9
-0

4
1
72

-9

90

4 

- 

10

3
4
::

20

09

: 

-3

6 

O.

0b

j3

9e

c6

7t

 3

64

99

9a

2 

-f

60

3f

c:

0
2
0
7
 7

2
-
a
 
8
O
fb

j6

ae

9c

t
0
 
2
t4

e
y
9p

eb

:d

5 

t6

ar

e9

1e

a
b
22

08

c2

53

-d

81

28

d-

0 

o4

 f

 1

t4

:y

p2

9e

 :

3o

f
6
s.

0-

d4

4e

l1

5t

a0

0 

a9

9p

p 

-e

n0

3d

e:

0d

 0

 a

t-

  

oA

pf

fp

ls

ey

it

 
n
1
g
0
 
4
d3

e
l
t
a
.
.
.
2
0
2
3
-
1
2
-
0
4
 
1
4
:
2
9
:
3
6
.
0
4
9
8
0
2
3
9
9
 
-
0
3
:
0
0
 
-
 
D
e
l
t
a
 
o
b
j
e
c
t
 
a
p
p
e
n
d
e
d
.
 
B
a
s
e
 
o
b
j
e
c
t
 
o
f
f
s
e
t
:
 
1
0
4
3
2
0
2
3
-
1
2
-
0
4
 
1
4
:
2
9
:
3
6
.
0
5
6
9
8
9
9
9
9
 
-
0
3
:
0
0
 
-
 
O
b
j
e
c
t
 
4
b
2
7
8
a
6
3
2
3
6
1
b
0
7
a
e
9
3
5
a
4
a
f
7
5
0
1
6
e
e
2
e
d
7
2
7
f
e
b
 
o
f
 
t
y
p
e
 
o
f
s
-
d
e
l
t
a
 
a
p
p
e
n
d
e
d
 
a
t
 
o
f
f
s
e
t
 
1
0
6
9
2
0
2
3
-
1
2
-
0
4
 
1
4
:
2
9
:
3
6
.
0
6
9
5
2
9
2
9
9
 
-
0
3
:
0
0
 
-
 
O
b
j
e
c
t
 
a
p
p
e
n
d
e
d
.
 
S
i
z
e
:
 
1
1
2
0
2
3
-
1
2
-
0
4
 
1
4
:
2
9
:
3
6
.
0
7
4
7
3
8
5
9
9
 
-
0
3
:
0
0
 
-
 
O
b
j
e
c
t
 
4
e
c
7
3
3
d
e
c
4
4
3
7
7
5
0
2
d
7
3
3
d
d
c
0
f
5
f
2
7
1
0
d
7
6
3
c
3
8
b
 
o
f
 
t
y
p
e
 
b
l
o
b
 
a
p
p
e
n
d
e
d
 
a
t
 
o
f
f
s
e
t
 
1
0
8
3
2
0
2
3
-
1
2
-
0
4
 
1
4
:
2
9
:
3
6
.
0
8
7
0
2
6
1
9
9
 
-
0
3
:
0
0
 
-
 
D
e
l
t
a
 
o
b
j
e
c
t
 
a
p
p
e
n
d
e
d
.
 
B
a
s
e
 
o
b
j
e
c
t
 
o
f
f
s
e
t
:
 
6
7
1
2
0
2
3
-
1
2
-
0
4
 
1
4
:
2
9
:
3
6
.
0
9
4
8
6
5
1
9
9
 
-
0
3
:
0
0
 
-
 
O
b
j
e
c
t
 
4
f
e
5
7
6
c
7
4
b
7
0
d
b
0
1
b
6
c
5
a
8
4
0
5
4
4
9
8
9
a
e
0
0
3
3
e
c
e
3
 
o
f
 
t
y
p
e
 
o
f
s
-
d
e
l
t
a
 
a
p
p
e
n
d
e
d
 
a
t
 
o
f
f
s
e
t
 
1
1
0
3
2
0
2
3
-
1
2
-
0
4
 
1
4
:
2
9
:
3
6
.
1
0
8
5
8
2
3
9
9
 
-
0
3
:
0
0
 
-
 
D
e
l
t
a
 
o
b
j
e
c
t
 
a
p
p
e
n
d
e
d
.
 
B
a
s
e
 
o
b
j
e
c
t
 
o
f
f
s
e
t
:
 
6
7
1
2
0
2
3
-
1
2
-
0
4
 
1
4
:
2
9
:
3
6
.
1
1
6
0
9
2
7
9
9
 
-
0
3
:
0
0
 
-
 
O
b
j
e
c
t
 
4
f
e
e
3
c
e
2
6
d
1
3
8
4
b
1
7
2
4
7
0
f
a
7
8
d
8
9
1
2
0
1
8
f
3
7
8
e
f
3
 
o
f
 
t
y
p
e
 
o
f
s
-
d
e
l
t
a
 
a
p
p
e
n
d
e
d
 
a
t
 
o
f
f
s
e
t
 
1
2
6
6
2
0
2
3
-
1
2
-
0
4
 
1
4
:
2
9
:
3
6
.
1
2
9
2
2
8
4
9
9
 
-
0
3
:
0
0
 
-
 
O
b
j
e
c
t
 
a
p
p
e
n
d
e
d
.
 
S
i
z
e
:
 
3
6
2
0
2
3
-
1
2
-
0
4
 
1
4
:
2
9
:
3
6
.
1
3
4
5
0
8
5
9
9
 
-
0
3
:
0
0
 
-
 
O
b
j
e
c
t
 
5
3
2
c
9
a
3
9
2
e
d
4
7
9
e
e
0
8
c
c
6
e
d
3
7
5
c
f
0
b
d
8
6
f
8
9
3
5
5
5
 
o
f
 
t
y
p
e
 
t
r
e
e
 
a
p
p
e
n
d
e
d
 
a
t
 
o
f
f
s
e
t
 
1
4
3
0
2
0
2
3
-
1
2
-
0
4
 
1
4
:
2
9
:
3
6
.
1
6
0
2
2
8
3
9
9
 
-
0
3
:
0
0
 
-
 
D
e
l
t
a
 
o
b
j
e
c
t
 
a
p
p
e
n
d
e
d
.
 
B
a
s
e
 
o
b
j
e
c
t
 
o
f
f
s
e
t
:
 
6
0
3
2
0
2
3
-
1
2
-
0
4
 
1
4
:
2
9
:
3
6
.
1
6
7
7
8
4
8
9
9
 
-
0
3
:
0
0
 
-
 
O
b
j
e
c
t
 
5
6
c
5
d
e
9
b
0
3
7
0
6
6
d
c
9
9
7
1
b
0
1
7
0
b
7
a
9
d
8
3
a
5
5
a
3
9
7
4
 
o
f
 
t
y
p
e
 
o
f
s
-
d
e
l
t
a
 
a
p
p
e
n
d
e
d
 
a
t
 
o
f
f
s
e
t
 
1
4
7
9
2
0
2
3
-
1
2
-
0
4
 
1
4
:
2
9
:
3
6
.
1
7
9
1
0
9
8
9
9
 
-
0
3
:
0
0
 
-
 
O
b
j
e
c
t
 
a
p
p
e
n
d
e
d
.
 
S
i
z
e
:
 
3
6
2
0
2
3
-
1
2
-
0
4
 
1
4
:
2
9
:
3
6
.
1
8
4
5
1
0
4
9
9
 
-
0
3
:
0
0
 
-
 
O
b
j
e
c
t
 
5
7
7
8
2
9
a
8
4
1
3
d
2
3
b
b
c
9
0
2
e
0
5
d
2
e
8
e
9
a
2
2
2
e
9
5
7
e
5
8
 
o
f
 
t
y
p
e
 
t
r
e
e
 
a
p
p
e
n
d
e
d
 
a
t
 
o
f
f
s
e
t
 
1
4
9
7
2
0
2
3
-
1
2
-
0
4
 
1
4
:
2
9
:
3
6
.
1
9
5
4
6
1
6
9
9
 
-
0
3
:
0
0
 
-
 
O
b
j
e
c
t
 
a
p
p
e
n
d
e
d
.
 
S
i
z
e
:
 
1
0
9
2
0
2
3
-
1
2
-
0
4
 
1
4
:
2
9
:
3
6
.
2
0
0
8
3
4
2
9
9
 
-
0
3
:
0
0
 
-
 
O
b
j
e
c
t
 
5
d
b
c
0
8
5
a
8
4
e
d
3
1
a
e
f
4
f
e
2
c
7
6
2
6
a
9
4
e
6
f
f
6
b
a
c
5
7
4
 
o
f
 
t
y
p
e
 
t
r
e
e
 
a
p
p
e
n
d
e
d
 
a
t
 
o
f
f
s
e
t
 
1
5
4
6
2
0
2
3
-
1
2
-
0
4
 
1
4
:
2
9
:
3
6
.
2
1
2
8
1
5
8
9
9
 
-
0
3
:
0
0
 
-
 
D
e
l
t
a
 
o
b
j
e
c
t
 
a
p
p
e
n
d
e
d
.
 
B
a
s
e
 
o
b
j
e
c
t
 
o
f
f
s
e
t
:
 
1
0
6
9
2
0
2
3
-
1
2
-
0
4
 
1
4
:
2
9
:
3
6
.
2
1
9
7
5
1
1
9
9
 
-
0
3
:
0
0
 
-
 
O
b
j
e
c
t
 
5
d
f
1
f
e
e
3
a
c
6
3
b
e
e
f
e
9
3
6
0
e
2
b
2
3
2
0
5
c
9
a
6
0
e
5
c
a
6
6
 
o
f
 
t
y
p
e
 
o
f
s
-
d
e
l
t
a
 
a
p
p
e
n
d
e
d
 
a
t
 
o
f
f
s
e
t
 
1
6
6
8
2
0
2
3
-
1
2
-
0
4
 
1
4
:
2
9
:
3
6
.
2
5
0
1
6
4
8
9
9
 
-
0
3
:
0
0
 
-
 
D
e
l
t
a
 
o
b
j
e
c
t
 
a
p
p
e
n
d
e
d
.
 
B
a
s
e
 
o
b
j
e
c
t
 
o
f
f
s
e
t
:
 
6
0
3
2
0
2
3
-
1
2
-
0
4
 
1
4
:
2
9
:
3
6
.
2
5
8
3
8
3
1
9
9
 
-
0
3
:
0
0
 
-
 
O
b
j
e
c
t
 
5
f
c
7
4
4
6
2
c
8
5
b
b
e
2
b
3
8
5
7
f
4
e
9
6
6
6
6
b
6
c
5
6
e
6
f
2
1
4
3
 
o
f
 
t
y
p
e
 
o
f
s
-
d
e
l
t
a
 
a
p
p
e
n
d
e
d
 
a
t
 
o
f
f
s
e
t
 
1
7
0
3
2
0
2
3
-
1
2
-
0
4
 
1
4
:
2
9
:
3
6
.
2
7
3
1
1
0
9
9
8
 
-
0
3
:
0
0
 
-
 
D
e
l
t
a
 
o
b
j
e
c
t
 
a
p
p
e
n
d
e
d
.
 
B
a
s
e
 
o
b
j
e
c
t
 
o
f
f
s
e
t
:
 
6
7
1
2
0
2
3
-
1
2
-
0
4
 
1
4
:
2
9
:
3
6
.
2
8
1
0
5
7
2
9
8
 
-
0
3
:
0
0
 
-
 
O
b
j
e
c
t
 
6
a
5
b
e
5
9
2
3
5
5
c
f
4
3
6
2
b
a
d
9
6
7
1
0
4
7
a
7
1
3
e
0
d
b
e
b
2
3
4
 
o
f
 
t
y
p
e
 
o
f
s
-
d
e
l
t
a
 
a
p
p
e
n
d
e
d
 
a
t
 
o
f
f
s
e
t
 
1
7
3
5
2
0
2
3
-
1
2
-
0
4
 
1
4
:
2
9
:
3
6
.
2
9
3
8
3
1
1
9
8
 
-
0
3
:
0
0
 
-
 
D
e
l
t
a
 
o
b
j
e
c
t
 
a
p
p
e
n
d
e
d
.
 
B
a
s
e
 
o
b
j
e
c
t
 
o
f
f
s
e
t
:
 
9
7
2
0
2
3
-
1
2
-
0
4
 
1
4
:
2
9
:
3
6
.
3
0
3
7
3
9
6
9
8
 
-
0
3
:
0
0
 
-
 
O
b
j
e
c
t
 
6
b
1
8
3
c
0
a
9
a
d
1
d
5
c
7
6
3
8
4
0
5
9
8
c
d
a
7
8
7
0
3
5
6
e
9
c
b
8
e
 
o
f
 
t
y
p
e
 
o
f
s
-
d
e
l
t
a
 
a
p
p
e
n
d
e
d
 
a
t
 
o
f
f
s
e
t
 
1
8
9
9
2
0
2
3
-
1
2
-
0
4
 
1
4
:
2
9
:
3
6
.
3
1
8
3
8
6
3
9
8
 
-
0
3
:
0
0
 
-
 
O
b
j
e
c
t
 
a
p
p
e
n
d
e
d
.
 
S
i
z
e
:
 
1
4
6
2
0
2
3
-
1
2
-
0
4
 
1
4
:
2
9
:
3
6
.
3
2
4
3
6
6
4
9
8
 
-
0
3
:
0
0
 
-
 
O
b
j
e
c
t
 
6
b
5
f
3
7
7
d
5
0
1
c
0
1
d
6
b
0
4
7
9
4
c
7
b
0
a
5
d
3
9
8
f
6
3
1
1
c
5
8
 
o
f
 
t
y
p
e
 
t
r
e
e
 
a
p
p
e
n
d
e
d
 
a
t
 
o
f
f
s
e
t
 
2
0
7
5
2
0
2
3
-
1
2
-
0
4
 
1
4
:
2
9
:
3
6
.
3
5
3
0
2
1
5
9
8
 
-
0
3
:
0
0
 
-
 
D
e
l
t
a
 
o
b
j
e
c
t
 
a
p
p
e
n
d
e
d
.
 
B
a
s
e
 
o
b
j
e
c
t
 
o
f
f
s
e
t
:
 
6
0
3
2
0
2
3
-
1
2
-
0
4
 
1
4
:
2
9
:
3
6
.
3
6
3
7
4
3
1
9
8
 
-
0
3
:
0
0
 
-
 
O
b
j
e
c
t
 
6
f
8
8
3
c
5
f
2
a
6
2
5
e
7
d
7
d
b
f
9
7
6
c
e
f
3
f
e
3
e
b
0
8
e
3
3
0
3
2
 
o
f
 
t
y
p
e
 
o
f
s
-
d
e
l
t
a
 
a
p
p
e
n
d
e
d
 
a
t
 
o
f
f
s
e
t
 
2
2
3
4
2
0
2
3
-
1
2
-
0
4
 
1
4
:
2
9
:
3
6
.
3
7
9
3
5
3
0
9
8
 
-
0
3
:
0
0
 
-
 
O
b
j
e
c
t
 
a
p
p
e
n
d
e
d
.
 
S
i
z
e
:
 
2
6
4
2
0
2
3
-
1
2
-
0
4
 
1
4
:
2
9
:
3
6
.
3
8
5
3
7
3
6
9
8
 
-
0
3
:
0
0
 
-
 
O
b
j
e
c
t
 
7
0
e
c
b
6
d
2
6
e
f
f
9
9
8
3
9
3
6
0
a
e
6
f
d
f
8
1
3
d
b
d
0
9
8
2
a
e
d
f
 
o
f
 
t
y
p
e
 
b
l
o
b
 
a
p
p
e
n
d
e
d
 
a
t
 
o
f
f
s
e
t
 
2
2
5
2
2
0
2
3
-
1
2
-
0
4
 
1
4
:
2
9
:
3
6
.
3
9
7
1
7
6
5
9
8
 
-
0
3
:
0
0
 
-
 
O
b
j
e
c
t
 
a
p
p
e
n
d
e
d
.
 
S
i
z
e
:
 
7
2
2
0
2
3
-
1
2
-
0
4
 
1
4
:
2
9
:
3
6
.
4
0
2
8
6
5
0
9
8
 
-
0
3
:
0
0
 
-
 
O
b
j
e
c
t
 
7
8
3
5
b
e
d
4
3
2
a
9
b
7
1
5
c
0
9
9
6
7
b
4
c
9
8
c
1
6
4
3
6
a
2
6
0
8
0
8
 
o
f
 
t
y
p
e
 
t
r
e
e
 
a
p
p
e
n
d
e
d
 
a
t
 
o
f
f
s
e
t
 
2
4
4
5
2
0
2
3
-
1
2
-
0
4
 
1
4
:
2
9
:
3
6
.
4
1
3
8
3
2
4
9
8
 
-
0
3
:
0
0
 
-
 
O
b
j
e
c
t
 
a
p
p
e
n
d
e
d
.
 
S
i
z
e
:
 
3
6
2
0
2
3
-
1
2
-
0
4
 
1
4
:
2
9
:
3
6
.
4
1
9
0
0
8
1
9
8
 
-
0
3
:
0
0
 
-
 
O
b
j
e
c
t
 
8
5
2
8
9
f
5
0
9
3
b
d
f
3
f
5
8
5
9
3
9
9
a
e
5
e
5
8
6
6
b
9
0
d
b
1
7
e
5
9
 
o
f
 
t
y
p
e
 
t
r
e
e
 
a
p
p
e
n
d
e
d
 
a
t
 
o
f
f
s
e
t
 
2
5
3
0
2
0
2
3
-
1
2
-
0
4
 
1
4
:
2
9
:
3
6
.
4
3
1
2
6
2
9
9
8
 
-
0
3
:
0
0
 
-
 
D
e
l
t
a
 
o
b
j
e
c
t
 
a
p
p
e
n
d
e
d
.
 
B
a
s
e
 
o
b
j
e
c
t
 
o
f
f
s
e
t
:
 
4
3
2
2
0
2
3
-
1
2
-
0
4
 
1
4
:
2
9
:
3
6
.
4
3
8
1
9
9
3
9
8
 
-
0
3
:
0
0
 
-
 
O
b
j
e
c
t
 
8
6
1
3
5
7
2
0
c
1
2
8
3
d
8
3
f
2
7
4
4
7
8
1
a
9
1
5
a
b
a
3
d
7
4
d
a
3
7
b
 
o
f
 
t
y
p
e
 
o
f
s
-
d
e
l
t
a
 
a
p
p
e
n
d
e
d
 
a
t
 
o
f
f
s
e
t
 
2
5
7
9
2
0
2
3
-
1
2
-
0
4
 
1
4
:
2
9
:
3
6
.
4
5
1
1
8
8
6
9
8
 
-
0
3
:
0
0
 
-
 
D
e
l
t
a
 
o
b
j
e
c
t
 
a
p
p
e
n
d
e
d
.
 
B
a
s
e
 
o
b
j
e
c
t
 
o
f
f
s
e
t
:
 
2
2
5
2
2
0
2
3
-
1
2
-
0
4
 
1
4
:
2
9
:
3
6
.
4
6
0
4
8
4
4
9
8
 
-
0
3
:
0
0
 
-
 
O
b
j
e
c
t
 
8
6
9
d
f
0
d
5
e
f
b
d
b
a
8
8
8
1
3
7
d
f
8
1
e
d
5
1
a
c
7
1
6
0
c
7
b
e
5
1
 
o
f
 
t
y
p
e
 
o
f
s
-
d
e
l
t
a
 
a
p
p
e
n
d
e
d
 
a
t
 
o
f
f
s
e
t
 
2
7
4
8
2
0
2
3
-
1
2
-
0
4
 
1
4
:
2
9
:
3
6
.
4
7
6
5
4
7
4
9
8
 
-
0
3
:
0
0
 
-
 
D
e
l
t
a
 
o
b
j
e
c
t
 
a
p
p
e
n
d
e
d
.
 
B
a
s
e
 
o
b
j
e
c
t
 
o
f
f
s
e
t
:
 
1
8
9
9
2
0
2
3
-
1
2
-
0
4
 
1
4
:
2
9
:
3
6
.
4
8
4
5
5
4
3
9
8
 
-
0
3
:
0
0
 
-
 
O
b
j
e
c
t
 
8
a
3
2
e
a
1
4
4
5
9
f
a
4
9
d
6
8
a
3
d
5
8
f
6
f
e
a
3
7
c
4
b
6
4
5
e
4
d
3
 
o
f
 
t
y
p
e
 
o
f
s
-
d
e
l
t
a
 
a
p
p
e
n
d
e
d
 
a
t
 
o
f
f
s
e
t
 
2
7
8
1
2
0
2
3
-
1
2
-
0
4
 
1
4
:
2
9
:
3
6
.
4
9
9
6
6
6
6
9
8
 
-
0
3
:
0
0
 
-
 
D
e
l
t
a
 
o
b
j
e
c
t
 
a
p
p
e
n
d
e
d
.
 
B
a
s
e
 
o
b
j
e
c
t
 
o
f
f
s
e
t
:
 
1
0
6
9
2
0
2
3
-
1
2
-
0
4
 
1
4
:
2
9
:
3
6
.
5
1
0
5
3
7
2
9
8
 
-
0
3
:
0
0
 
-
 
O
b
j
e
c
t
 
8
b
c
c
d
9
4
f
f
0
d
7
8
1
7
5
2
7
d
7
f
5
b
9
c
a
4
2
2
9
5
6
8
1
5
9
7
a
8
7
 
o
f
 
t
y
p
e
 
o
f
s
-
d
e
l
t
a
 
a
p
p
e
n
d
e
d
 
a
t
 
o
f
f
s
e
t
 
2
9
5
4
2
0
2
3
-
1
2
-
0
4
 
1
4
:
2
9
:
3
6
.
5
2
2
7
8
9
2
9
8
 
-
0
3
:
0
0
 
-
 
D
e
l
t
a
 
o
b
j
e
c
t
 
a
p
p
e
n
d
e
d
.
 
B
a
s
e
 
o
b
j
e
c
t
 
o
f
f
s
e
t
:
 
2
7
8
1
2
0
2
3
-
1
2
-
0
4
 
1
4
:
2
9
:
3
6
.
5
2
9
8
5
5
7
9
8
 
-
0
3
:
0
0
 
-
 
O
b
j
e
c
t
 
8
d
a
a
d
6
7
f
3
2
b
8
0
e
6
9
5
f
0
6
1
1
0
9
e
3
5
d
7
a
7
e
b
6
0
6
2
0
d
1
 
o
f
 
t
y
p
e
 
o
f
s
-
d
e
l
t
a
 
a
p
p
e
n
d
e
d
 
a
t
 
o
f
f
s
e
t
 
2
9
8
8
2
0
2
3
-
1
2
-
0
4
 
1
4
:
2
9
:
3
6
.
5
4
1
7
1
9
7
9
8
 
-
0
3
:
0
0
 
-
 
D
e
l
t
a
 
o
b
j
e
c
t
 
a
p
p
e
n
d
e
d
.
 
B
a
s
e
 
o
b
j
e
c
t
 
o
f
f
s
e
t
:
 
6
7
1
2
0
2
3
-
1
2
-
0
4
 
1
4
:
2
9
:
3
6
.
5
4
8
6
3
6
1
9
8
 
-
0
3
:
0
0
 
-
 
O
b
j
e
c
t
 
9
2
c
b
4
e
1
3
2
9
5
3
9
3
3
7
4
c
2
b
2
b
3
e
b
d
7
9
b
e
d
c
8
3
2
6
3
a
7
e
 
o
f
 
t
y
p
e
 
o
f
s
-
d
e
l
t
a
 
a
p
p
e
n
d
e
d
 
a
t
 
o
f
f
s
e
t
 
3
1
6
2
2
0
2
3
-
1
2
-
0
4
 
1
4
:
2
9
:
3
6
.
5
6
0
5
7
3
5
9
8
 
-
0
3
:
0
0
 
-
 
D
e
l
t
a
 
o
b
j
e
c
t
 
a
p
p
e
n
d
e
d
.
 
B
a
s
e
 
o
b
j
e
c
t
 
o
f
f
s
e
t
:
 
9
7
2
0
2
3
-
1
2
-
0
4
 
1
4
:
2
9
:
3
6
.
5
6
7
5
9
2
4
9
8
 
-
0
3
:
0
0
 
-
 
O
b
j
e
c
t
 
9
5
7
7
9
8
9
5
9
9
d
7
4
6
f
a
7
e
f
c
6
6
5
5
2
e
5
f
5
4
6
b
c
f
a
1
e
a
5
b
 
o
f
 
t
y
p
e
 
o
f
s
-
d
e
l
t
a
 
a
p
p
e
n
d
e
d
 
a
t
 
o
f
f
s
e
t
 
3
3
2
6
2
0
2
3
-
1
2
-
0
4
 
1
4
:
2
9
:
3
6
.
5
7
9
5
4
0
6
9
8
 
-
0
3
:
0
0
 
-
 
D
e
l
t
a
 
o
b
j
e
c
t
 
a
p
p
e
n
d
e
d
.
 
B
a
s
e
 
o
b
j
e
c
t
 
o
f
f
s
e
t
:
 
6
7
1
2
0
2
3
-
1
2
-
0
4
 
1
4
:
2
9
:
3
6
.
5
8
6
9
7
8
2
9
8
 
-
0
3
:
0
0
 
-
 
O
b
j
e
c
t
 
9
6
2
9
6
a
2
9
e
f
2
3
4
6
3
a
3
9
f
9
d
b
c
0
4
6
f
d
1
e
4
7
d
f
f
f
f
3
8
e
 
o
f
 
t
y
p
e
 
o
f
s
-
d
e
l
t
a
 
a
p
p
e
n
d
e
d
 
a
t
 
o
f
f
s
e
t
 
3
5
0
2
2
0
2
3
-
1
2
-
0
4
 
1
4
:
2
9
:
3
6
.
5
9
9
7
2
5
6
9
8
 
-
0
3
:
0
0
 
-
 
O
b
j
e
c
t
 
a
p
p
e
n
d
e
d
.
 
S
i
z
e
:
 
7
2
2
0
2
3
-
1
2
-
0
4
 
1
4
:
2
9
:
3
6
.
6
0
5
1
4
2
9
9
8
 
-
0
3
:
0
0
 
-
 
O
b
j
e
c
t
 
9
8
4
a
b
4
5
0
2
b
b
1
c
b
5
e
5
2
5
5
9
6
8
9
c
0
c
b
e
1
d
c
0
a
c
5
8
6
e
7
 
o
f
 
t
y
p
e
 
t
r
e
e
 
a
p
p
e
n
d
e
d
 
a
t
 
o
f
f
s
e
t
 
3
6
6
6
2
0
2
3
-
1
2
-
0
4
 
1
4
:
2
9
:
3
6
.
6
4
0
9
9
1
1
9
8
 
-
0
3
:
0
0
 
-
 
D
e
l
t
a
 
o
b
j
e
c
t
 
a
p
p
e
n
d
e
d
.
 
B
a
s
e
 
o
b
j
e
c
t
 
o
f
f
s
e
t
:
 
6
0
3
2
0
2
3
-
1
2
-
0
4
 
1
4
:
2
9
:
3
6
.
6
5
1
5
3
5
6
9
8
 
-
0
3
:
0
0
 
-
 
O
b
j
e
c
t
 
9
8
9
8
6
7
7
f
0
4
b
a
3
2
1
e
1
f
4
a
b
e
f
0
f
4
f
b
e
4
8
c
e
d
0
0
0
3
e
4
 
o
f
 
t
y
p
e
 
o
f
s
-
d
e
l
t
a
 
a
p
p
e
n
d
e
d
 
a
t
 
o
f
f
s
e
t
 
3
7
5
1
2
0
2
3
-
1
2
-
0
4
 
1
4
:
2
9
:
3
6
.
6
6
3
0
5
3
3
9
8
 
-
0
3
:
0
0
 
-
 
O
b
j
e
c
t
 
a
p
p
e
n
d
e
d
.
 
S
i
z
e
:
 
1
0
9
2
0
2
3
-
1
2
-
0
4
 
1
4
:
2
9
:
3
6
.
6
6
9
3
8
5
1
9
8
 
-
0
3
:
0
0
 
-
 
O
b
j
e
c
t
 
a
0
2
9
c
0
0
4
7
0
6
d
1
3
b
0
7
1
f
e
1
2
8
3
6
2
b
0
7
d
1
5
a
d
9
4
3
0
8
0
 
o
f
 
t
y
p
e
 
t
r
e
e
 
a
p
p
e
n
d
e
d
 
a
t
 
o
f
f
s
e
t
 
3
7
6
9
2
0
2
3
-
1
2
-
0
4
 
1
4
:
2
9
:
3
6
.
6
8
0
9
6
7
5
9
8
 
-
0
3
:
0
0
 
-
 
O
b
j
e
c
t
 
a
p
p
e
n
d
e
d
.
 
S
i
z
e
:
 
3
6
2
0
2
3
-
1
2
-
0
4
 
1
4
:
2
9
:
3
6
.
6
8
6
1
4
3
7
9
8
 
-
0
3
:
0
0
 
-
 
O
b
j
e
c
t
 
a
0
f
e
1
c
b
2
2
b
c
f
8
6
d
9
2
f
4
1
2
8
d
7
c
c
a
4
d
6
c
f
b
9
a
8
1
b
f
a
 
o
f
 
t
y
p
e
 
t
r
e
e
 
a
p
p
e
n
d
e
d
 
a
t
 
o
f
f
s
e
t
 
3
8
7
6
2
0
2
3
-
1
2
-
0
4
 
1
4
:
2
9
:
3
6
.
7
1
7
1
6
8
6
9
8
 
-
0
3
:
0
0
 
-
 
D
e
l
t
a
 
o
b
j
e
c
t
 
a
p
p
e
n
d
e
d
.
 
B
a
s
e
 
o
b
j
e
c
t
 
o
f
f
s
e
t
:
 
3
7
5
1
2
0
2
3
-
1
2
-
0
4
 
1
4
:
2
9
:
3
6
.
7
2
4
7
3
5
1
9
8
 
-
0
3
:
0
0
 
-
 
O
b
j
e
c
t
 
a
8
0
8
0
3
4
4
2
6
0
b
7
8
d
8
8
3
2
2
4
f
8
0
2
4
8
4
d
a
2
b
1
d
e
a
3
7
8
4
 
o
f
 
t
y
p
e
 
o
f
s
-
d
e
l
t
a
 
a
p
p
e
n
d
e
d
 
a
t
 
o
f
f
s
e
t
 
3
9
2
5
2
0
2
3
-
1
2
-
0
4
 
1
4
:
2
9
:
3
6
.
7
5
7
0
1
2
6
9
8
 
-
0
3
:
0
0
 
-
 
D
e
l
t
a
 
o
b
j
e
c
t
 
a
p
p
e
n
d
e
d
.
 
B
a
s
e
 
o
b
j
e
c
t
 
o
f
f
s
e
t
:
 
6
0
3
2
0
2
3
-
1
2
-
0
4
 
1
4
:
2
9
:
3
6
.
7
6
5
3
8
1
0
9
8
 
-
0
3
:
0
0
 
-
 
O
b
j
e
c
t
 
a
9
a
6
8
e
3
9
e
4
9
7
9
9
a
7
8
4
2
c
c
6
6
b
2
3
a
e
b
a
6
1
e
5
8
2
e
2
5
1
 
o
f
 
t
y
p
e
 
o
f
s
-
d
e
l
t
a
 
a
p
p
e
n
d
e
d
 
a
t
 
o
f
f
s
e
t
 
3
9
4
3
2
0
2
3
-
1
2
-
0
4
 
1
4
:
2
9
:
3
6
.
7
7
7
9
1
0
7
9
8
 
-
0
3
:
0
0
 
-
 
O
b
j
e
c
t
 
a
p
p
e
n
d
e
d
.
 
S
i
z
e
:
 
7
2
2
0
2
3
-
1
2
-
0
4
 
1
4
:
2
9
:
3
6
.
7
8
3
5
3
8
0
9
8
 
-
0
3
:
0
0
 
-
 
O
b
j
e
c
t
 
b
1
e
5
b
9
1
9
7
1
7
4
a
f
c
b
f
2
7
0
f
8
4
8
9
7
2
f
7
b
8
3
0
6
e
4
b
d
a
1
 
o
f
 
t
y
p
e
 
t
r
e
e
 
a
p
p
e
n
d
e
d
 
a
t
 
o
f
f
s
e
t
 
3
9
7
1
2
0
2
3
-
1
2
-
0
4
 
1
4
:
2
9
:
3
6
.
7
9
4
9
8
4
1
9
8
 
-
0
3
:
0
0
 
-
 
O
b
j
e
c
t
 
a
p
p
e
n
d
e
d
.
 
S
i
z
e
:
 
1
0
9
2
0
2
3
-
1
2
-
0
4
 
1
4
:
2
9
:
3
6
.
8
0
0
6
5
4
8
9
8
 
-
0
3
:
0
0
 
-
 
O
b
j
e
c
t
 
c
0
7
6
3
7
a
2
8
9
3
5
3
0
0
a
c
a
1
b
5
f
b
f
5
e
c
4
1
a
4
c
2
9
6
d
c
a
9
b
 
o
f
 
t
y
p
e
 
t
r
e
e
 
a
p
p
e
n
d
e
d
 
a
t
 
o
f
f
s
e
t
 
4
0
5
6
2
0
2
3
-
1
2
-
0
4
 
1
4
:
2
9
:
3
6
.
8
1
2
0
5
6
5
9
8
 
-
0
3
:
0
0
 
-
 
O
b
j
e
c
t
 
a
p
p
e
n
d
e
d
.
 
S
i
z
e
:
 
7
2
2
0
2
3
-
1
2
-
0
4
 
1
4
:
2
9
:
3
6
.
8
1
7
4
9
9
4
9
8
 
-
0
3
:
0
0
 
-
 
O
b
j
e
c
t
 
c
7
c
0
e
0
c
5
1
2
3
b
0
8
4
9
b
2
b
1
6
5
e
6
7
4
5
d
e
d
d
6
7
9
9
0
a
5
c
9
 
o
f
 
t
y
p
e
 
t
r
e
e
 
a
p
p
e
n
d
e
d
 
a
t
 
o
f
f
s
e
t
 
4
1
7
8
2
0
2
3
-
1
2
-
0
4
 
1
4
:
2
9
:
3
6
.
8
3
0
0
0
6
5
9
8
 
-
0
3
:
0
0
 
-
 
O
b
j
e
c
t
 
a
p
p
e
n
d
e
d
.
 
S
i
z
e
:
 
1
4
2
0
2
3
-
1
2
-
0
4
 
1
4
:
2
9
:
3
6
.
8
3
5
7
4
6
6
9
8
 
-
0
3
:
0
0
 
-
 
O
b
j
e
c
t
 
c
d
2
f
7
b
5
8
8
2
1
8
0
e
a
e
3
5
e
f
d
2
c
3
c
6
0
d
b
0
a
6
9
8
a
2
4
b
6
8
 
o
f
 
t
y
p
e
 
b
l
o
b
 
a
p
p
e
n
d
e
d
 
a
t
 
o
f
f
s
e
t
 
4
2
6
3
2
0
2
3
-
1
2
-
0
4
 
1
4
:
2
9
:
3
6
.
8
4
7
2
1
9
7
9
8
 
-
0
3
:
0
0
 
-
 
O
b
j
e
c
t
 
a
p
p
e
n
d
e
d
.
 
S
i
z
e
:
 
1
8
4
2
0
2
3
-
1
2
-
0
4
 
1
4
:
2
9
:
3
6
.
8
5
5
9
6
2
1
9
8
 
-
0
3
:
0
0
 
-
 
O
b
j
e
c
t
 
d
4
f
c
b
8
b
4
3
8
a
7
5
3
4
3
0
5
7
5
d
c
7
6
a
c
3
8
0
a
f
0
f
9
a
0
0
2
a
4
 
o
f
 
t
y
p
e
 
c
o
m
m
i
t
 
a
p
p
e
n
d
e
d
 
a
t
 
o
f
f
s
e
t
 
4
2
8
4
2
0
2
3
-
1
2
-
0
4
 
1
4
:
2
9
:
3
6
.
8
7
3
2
0
9
8
9
7
 
-
0
3
:
0
0
 
-
 
D
e
l
t
a
 
o
b
j
e
c
t
 
a
p
p
e
n
d
e
d
.
 
B
a
s
e
 
o
b
j
e
c
t
 
o
f
f
s
e
t
:
 
2
5
2
2
0
2
3
-
1
2
-
0
4
 
1
4
:
2
9
:
3
6
.
8
8
2
1
2
6
6
9
7
 
-
0
3
:
0
0
 
-
 
O
b
j
e
c
t
 
d
7
e
f
3
c
c
7
9
9
f
e
4
b
1
7
5
9
5
9
5
b
8
a
9
4
a
8
3
4
a
b
a
3
5
1
2
c
0
4
 
o
f
 
t
y
p
e
 
o
f
s
-
d
e
l
t
a
 
a
p
p
e
n
d
e
d
 
a
t
 
o
f
f
s
e
t
 
4
4
0
9
2
0
2
3
-
1
2
-
0
4
 
1
4
:
2
9
:
3
6
.
8
9
4
5
3
5
7
9
7
 
-
0
3
:
0
0
 
-
 
D
e
l
t
a
 
o
b
j
e
c
t
 
a
p
p
e
n
d
e
d
.
 
B
a
s
e
 
o
b
j
e
c
t
 
o
f
f
s
e
t
:
 
6
7
1
2
0
2
3
-
1
2
-
0
4
 
1
4
:
2
9
:
3
6
.
9
0
1
8
4
9
9
9
7
 
-
0
3
:
0
0
 
-
 
O
b
j
e
c
t
 
d
f
2
6
2
7
a
6
3
2
e
c
7
5
3
8
9
e
0
7
d
4
1
9
1
b
0
0
f
b
a
a
5
c
e
1
f
b
4
6
 
o
f
 
t
y
p
e
 
o
f
s
-
d
e
l
t
a
 
a
p
p
e
n
d
e
d
 
a
t
 
o
f
f
s
e
t
 
4
5
7
3
2
0
2
3
-
1
2
-
0
4
 
1
4
:
2
9
:
3
6
.
9
1
3
8
6
6
6
9
7
 
-
0
3
:
0
0
 
-
 
O
b
j
e
c
t
 
a
p
p
e
n
d
e
d
.
 
S
i
z
e
:
 
7
2
2
0
2
3
-
1
2
-
0
4
 
1
4
:
2
9
:
3
6
.
9
1
9
3
5
8
6
9
7
 
-
0
3
:
0
0
 
-
 
O
b
j
e
c
t
 
e
4
1
9
6
f
7
b
f
a
2
9
c
3
9
d
f
c
4
2
d
c
9
3
b
a
a
1
8
9
7
4
a
b
b
f
e
e
e
7
 
o
f
 
t
y
p
e
 
t
r
e
e
 
a
p
p
e
n
d
e
d
 
a
t
 
o
f
f
s
e
t
 
4
7
3
7
2
0
2
3
-
1
2
-
0
4
 
1
4
:
2
9
:
3
6
.
9
3
0
2
6
1
3
9
7
 
-
0
3
:
0
0
 
-
 
O
b
j
e
c
t
 
a
p
p
e
n
d
e
d
.
 
S
i
z
e
:
 
3
6
2
0
2
3
-
1
2
-
0
4
 
1
4
:
2
9
:
3
6
.
9
3
5
4
8
5
5
9
7
 
-
0
3
:
0
0
 
-
 
O
b
j
e
c
t
 
e
5
5
a
2
b
8
e
0
9
3
4
7
0
b
1
b
1
8
5
2
3
3
1
9
8
a
c
9
4
f
4
6
7
3
9
7
f
b
8
 
o
f
 
t
y
p
e
 
t
r
e
e
 
a
p
p
e
n
d
e
d
 
a
t
 
o
f
f
s
e
t
 
4
8
2
2
2
0
2
3
-
1
2
-
0
4
 
1
4
:
2
9
:
3
6
.
9
4
7
6
5
3
4
9
7
 
-
0
3
:
0
0
 
-
 
D
e
l
t
a
 
o
b
j
e
c
t
 
a
p
p
e
n
d
e
d
.
 
B
a
s
e
 
o
b
j
e
c
t
 
o
f
f
s
e
t
:
 
6
7
1
2
0
2
3
-
1
2
-
0
4
 
1
4
:
2
9
:
3
6
.
9
5
4
6
5
3
9
9
7
 
-
0
3
:
0
0
 
-
 
O
b
j
e
c
t
 
e
6
2
3
d
8
d
9
e
8
e
5
b
5
f
c
1
c
9
c
e
7
f
2
7
1
2
a
9
e
f
7
3
b
1
7
1
9
d
f
 
o
f
 
t
y
p
e
 
o
f
s
-
d
e
l
t
a
 
a
p
p
e
n
d
e
d
 
a
t
 
o
f
f
s
e
t
 
4
8
7
1
2
0
2
3
-
1
2
-
0
4
 
1
4
:
2
9
:
3
6
.
9
6
6
3
3
8
3
9
7
 
-
0
3
:
0
0
 
-
 
O
b
j
e
c
t
 
a
p
p
e
n
d
e
d
.
 
S
i
z
e
:
 
1
8
3
2
0
2
3
-
1
2
-
0
4
 
1
4
:
2
9
:
3
6
.
9
7
1
7
3
2
5
9
7
 
-
0
3
:
0
0
 
-
 
O
b
j
e
c
t
 
f
3
3
3
d
3
0
5
2
e
2
0
7
5
8
e
4
1
e
8
f
c
1
6
e
a
d
d
5
b
9
4
1
8
d
4
b
7
8
4
 
o
f
 
t
y
p
e
 
t
r
e
e
 
a
p
p
e
n
d
e
d
 
a
t
 
o
f
f
s
e
t
 
5
0
3
5
2
0
2
3
-
1
2
-
0
4
 
1
4
:
2
9
:
3
6
.
9
9
7
6
1
4
5
9
7
 
-
0
3
:
0
0
 
-
 
D
e
l
t
a
 
o
b
j
e
c
t
 
a
p
p
e
n
d
e
d
.
 
B
a
s
e
 
o
b
j
e
c
t
 
o
f
f
s
e
t
:
 
1
4
7
9
2
0
2
3
-
1
2
-
0
4
 
1
4
:
2
9
:
3
7
.
0
0
5
7
3
3
6
9
7
 
-
0
3
:
0
0
 
-
 
O
b
j
e
c
t
 
f
a
6
4
2
3
7
e
e
a
f
8
d
2
8
9
0
0
b
2
1
5
7
3
e
c
e
5
3
c
8
4
d
9
b
c
9
8
0
d
 
o
f
 
t
y
p
e
 
o
f
s
-
d
e
l
t
a
 
a
p
p
e
n
d
e
d
 
a
t
 
o
f
f
s
e
t
 
5
2
1
8
2
0
2
3
-
1
2
-
0
4
 
1
4
:
2
9
:
3
7
.
0
3
6
2
1
0
9
9
7
 
-
0
3
:
0
0
 
-
 
D
e
l
t
a
 
o
b
j
e
c
t
 
a
p
p
e
n
d
e
d
.
 
B
a
s
e
 
o
b
j
e
c
t
 
o
f
f
s
e
t
:
 
6
0
3
2
0
2
3
-
1
2
-
0
4
 
1
4
:
2
9
:
3
7
.
0
4
4
8
0
1
9
9
7
 
-
0
3
:
0
0
 
-
 
O
b
j
e
c
t
 
f
f
3
0
2
8
d
0
a
0
b
4
2
2
2
1
9
2
9
8
a
b
c
f
e
e
1
b
c
5
9
c
e
6
e
9
2
5
5
b
 
o
f
 
t
y
p
e
 
o
f
s
-
d
e
l
t
a
 
a
p
p
e
n
d
e
d
 
a
t
 
o
f
f
s
e
t
 
5
2
4
9
